ERR6913108.6132.1	NC_048841.1	92.208	77	4	2	3	77	2828	2904	1.71e-22	108
ERR6913108.6132.1	NC_048831.1	93.548	62	3	1	13	74	4369	4429	1.73e-17	91.6
ERR6913108.6132.1	NC_006356.2	89.362	47	5	0	34	80	2145	2099	4.87e-08	60.2
ERR6913108.15358.1	NC_011344.1	100.000	77	0	0	1	77	36458	36534	2.07e-33	143
ERR6913108.15358.1	NC_007054.1	100.000	77	0	0	1	77	15683	15759	2.07e-33	143
ERR6913108.15358.1	NC_009762.3	100.000	77	0	0	1	77	38941	39017	2.07e-33	143
ERR6913108.15358.1	NC_055049.1	100.000	77	0	0	1	77	35246	35322	2.07e-33	143
ERR6913108.15358.1	NC_007052.1	100.000	77	0	0	1	77	15682	15758	2.07e-33	143
ERR6913108.15358.1	NC_055045.1	100.000	77	0	0	1	77	35210	35286	2.07e-33	143
ERR6913108.15358.1	NC_021323.1	100.000	77	0	0	1	77	35265	35341	2.07e-33	143
ERR6913108.15358.1	NC_055043.1	100.000	77	0	0	1	77	35629	35705	2.07e-33	143
ERR6913108.15358.1	NC_004616.1	100.000	77	0	0	1	77	36225	36301	2.07e-33	143
ERR6913108.15358.1	NC_002661.2	100.000	77	0	0	1	77	32428	32504	2.07e-33	143
ERR6913108.15358.1	NC_022758.1	100.000	77	0	0	1	77	15693	15769	2.07e-33	143
ERR6913108.15358.1	NC_055046.1	100.000	77	0	0	1	77	34448	34524	2.07e-33	143
ERR6913108.15358.1	NC_055042.1	100.000	77	0	0	1	77	15682	15758	2.07e-33	143
ERR6913108.15358.1	NC_019513.1	100.000	77	0	0	1	77	29842	29766	2.07e-33	143
ERR6913108.15358.1	NC_055041.1	100.000	77	0	0	1	77	15683	15759	2.07e-33	143
ERR6913108.15358.1	NC_055038.1	100.000	77	0	0	1	77	15532	15608	2.07e-33	143
ERR6913108.15358.1	NC_055039.1	100.000	77	0	0	1	77	15692	15768	2.07e-33	143
ERR6913108.15358.1	NC_055044.1	100.000	77	0	0	1	77	5061	4985	2.07e-33	143
ERR6913108.15358.1	NC_055048.1	98.701	77	1	0	1	77	35504	35580	9.63e-32	137
ERR6913108.15358.1	NC_055047.1	97.403	77	2	0	1	77	35405	35481	4.48e-30	132
ERR6913108.15358.1	NC_055040.1	97.403	77	2	0	1	77	35339	35415	4.48e-30	132
ERR6913108.15358.1	NC_020199.1	97.403	77	2	0	1	77	36363	36439	4.48e-30	132
ERR6913108.15358.1	NC_007053.1	94.805	77	4	0	1	77	15751	15827	9.70e-27	121
ERR6913108.15358.1	NC_028862.1	93.506	77	5	0	1	77	15682	15758	4.51e-25	115
ERR6913108.15358.1	NC_011612.1	93.506	77	5	0	1	77	35633	35709	4.51e-25	115
ERR6913108.23912.1	NC_048832.1	95.238	42	2	0	1	42	3051	3010	2.37e-10	67.6
ERR6913108.42270.1	NC_012697.1	97.727	44	1	0	2	45	37834	37877	4.30e-13	76.8
ERR6913108.42270.1	NC_049435.1	97.727	44	1	0	2	45	37767	37810	4.30e-13	76.8
ERR6913108.47157.1	NC_041872.1	100.000	76	0	0	1	76	78949	79024	9.88e-33	141
ERR6913108.47157.1	NC_031904.1	100.000	76	0	0	1	76	79008	79083	9.88e-33	141
ERR6913108.47157.1	NC_031912.1	89.362	94	10	0	1	94	82737	82830	4.63e-26	119
ERR6913108.47157.1	NC_031931.1	89.362	94	10	0	1	94	82557	82650	4.63e-26	119
ERR6913108.47157.1	NC_031914.1	89.362	94	10	0	1	94	82582	82675	4.63e-26	119
ERR6913108.49114.1	NC_074583.1	100.000	38	0	0	1	38	144	107	2.02e-11	71.3
ERR6913108.52107.1	NC_048639.1	94.340	53	2	1	132	183	58236	58288	4.97e-14	80.5
ERR6913108.54521.1	NC_017984.1	100.000	31	0	0	180	210	11511	11541	2.74e-07	58.4
ERR6913108.64159.1	NC_072501.1	79.024	205	39	4	1	203	43221	43423	3.96e-31	137
ERR6913108.64159.1	NC_031058.1	78.846	208	40	4	4	209	40685	40480	3.96e-31	137
ERR6913108.64159.1	NC_072499.1	78.846	208	40	4	4	209	37872	37667	3.96e-31	137
ERR6913108.64159.1	NC_041953.1	78.365	208	41	4	4	209	40649	40444	1.84e-29	132
ERR6913108.79626.1	NC_016765.1	92.391	92	7	0	1	92	36952	37043	6.29e-30	132
ERR6913108.79626.1	NC_005887.1	92.135	89	7	0	1	89	31637	31725	2.93e-28	126
ERR6913108.79626.1	NC_042029.1	88.764	89	10	0	1	89	13958	14046	2.95e-23	110
ERR6913108.79626.1	NC_023555.1	88.764	89	10	0	1	89	13959	14047	2.95e-23	110
ERR6913108.79626.1	NC_054461.1	87.952	83	10	0	7	89	22259	22341	6.38e-20	99.0
ERR6913108.90358.1	NC_048836.1	95.833	72	2	1	7	77	5725	5796	5.03e-25	115
ERR6913108.90358.1	NC_048835.1	95.833	72	2	1	7	77	5725	5796	5.03e-25	115
ERR6913108.90358.1	NC_048839.1	95.833	72	2	1	7	77	5336	5407	5.03e-25	115
ERR6913108.92083.1	NC_071129.1	87.234	47	6	0	132	178	32800	32754	3.65e-06	54.7
ERR6913108.93205.1	NC_018087.3	93.878	49	2	1	70	118	76021	75974	8.42e-12	73.1
ERR6913108.111193.1	NC_048842.1	92.135	89	5	2	1	87	2746	2834	1.51e-27	124
ERR6913108.111193.1	NC_048833.1	92.135	89	5	2	1	87	2746	2834	1.51e-27	124
