ERR6913207.286.1	NC_045512.2	100.000	140	0	0	1	140	22596	22457	4.32e-68	259
ERR6913207.181.1	NC_008168.1	90.385	52	5	0	8	59	19972	20023	5.89e-11	69.4
ERR6913207.329.1	NC_029119.1	95.783	166	7	0	1	166	27649	27484	8.81e-71	268
ERR6913207.593.1	NC_008168.1	90.625	64	6	0	99	162	20023	19960	1.78e-15	86.1
ERR6913207.1150.1	NC_008168.1	90.625	64	6	0	39	102	20023	19960	1.15e-15	86.1
ERR6913207.1151.1	NC_008168.1	90.625	64	6	0	39	102	20023	19960	1.15e-15	86.1
ERR6913207.1206.1	NC_078985.1	97.500	40	1	0	40	79	40	1	9.93e-11	69.4
ERR6913207.1704.1	NC_008168.1	90.411	73	7	0	54	126	20019	19947	4.31e-19	97.1
ERR6913207.2069.1	NC_078985.1	97.500	40	1	0	43	82	1	40	6.99e-11	69.4
ERR6913207.2159.1	NC_027380.1	98.980	98	1	0	1	98	8924	9021	2.86e-43	176
ERR6913207.2159.1	NC_022335.1	98.980	98	1	0	1	98	8924	9021	2.86e-43	176
ERR6913207.2159.1	NC_018834.1	98.980	98	1	0	1	98	8941	9038	2.86e-43	176
ERR6913207.2159.1	NC_028694.1	97.959	98	2	0	1	98	8949	9046	1.33e-41	171
ERR6913207.2159.1	NC_027627.1	97.959	98	2	0	1	98	8938	9035	1.33e-41	171
ERR6913207.2159.1	NC_027621.1	97.959	98	2	0	1	98	8970	9067	1.33e-41	171
ERR6913207.2159.1	NC_027626.1	97.959	98	2	0	1	98	8949	9046	1.33e-41	171
ERR6913207.2159.1	NC_027354.1	97.959	98	2	0	1	98	8930	9027	1.33e-41	171
ERR6913207.2159.1	NC_027629.1	97.959	98	2	0	1	98	8941	9038	1.33e-41	171
ERR6913207.2159.1	NC_027367.1	97.959	98	2	0	1	98	8934	9031	1.33e-41	171
ERR6913207.2159.1	NC_022334.1	97.959	98	2	0	1	98	8938	9035	1.33e-41	171
ERR6913207.2159.1	NC_022342.1	97.959	98	2	0	1	98	8942	9039	1.33e-41	171
ERR6913207.2159.1	NC_022341.1	97.959	98	2	0	1	98	8966	9063	1.33e-41	171
ERR6913207.2159.1	NC_018842.1	97.959	98	2	0	1	98	8948	9045	1.33e-41	171
ERR6913207.2159.1	NC_009541.1	97.959	98	2	0	1	98	8968	9065	1.33e-41	171
ERR6913207.2159.1	NC_018852.1	97.959	98	2	0	1	98	8951	9048	1.33e-41	171
ERR6913207.2159.1	NC_018851.1	97.959	98	2	0	1	98	8938	9035	1.33e-41	171
ERR6913207.2159.1	NC_027401.1	97.959	98	2	0	1	98	8964	9061	1.33e-41	171
ERR6913207.2159.1	NC_018845.1	97.917	96	2	0	3	98	8936	9031	1.72e-40	167
ERR6913207.2159.1	NC_028967.1	96.939	98	3	0	1	98	8942	9039	6.20e-40	165
ERR6913207.2159.1	NC_031003.1	96.939	98	3	0	1	98	8979	9076	6.20e-40	165
ERR6913207.2159.1	NC_027624.1	96.939	98	3	0	1	98	8985	9082	6.20e-40	165
ERR6913207.2159.1	NC_027376.1	96.939	98	3	0	1	98	8944	9041	6.20e-40	165
ERR6913207.2159.1	NC_027294.1	96.939	98	3	0	1	98	8943	9040	6.20e-40	165
ERR6913207.2159.1	NC_041954.1	96.939	98	3	0	1	98	8950	9047	6.20e-40	165
ERR6913207.2159.1	NC_027370.1	96.939	98	3	0	1	98	8953	9050	6.20e-40	165
ERR6913207.2159.1	NC_027362.1	96.939	98	3	0	1	98	8955	9052	6.20e-40	165
ERR6913207.2159.1	NC_027385.1	96.939	98	3	0	1	98	8943	9040	6.20e-40	165
ERR6913207.2159.1	NC_041955.1	96.939	98	3	0	1	98	8979	9076	6.20e-40	165
ERR6913207.2159.1	NC_027373.1	96.939	98	3	0	1	98	8934	9031	6.20e-40	165
ERR6913207.2159.1	NC_027361.1	96.939	98	3	0	1	98	8957	9054	6.20e-40	165
ERR6913207.2159.1	NC_027357.1	96.939	98	3	0	1	98	8965	9062	6.20e-40	165
ERR6913207.2159.1	NC_022338.1	96.939	98	3	0	1	98	8957	9054	6.20e-40	165
ERR6913207.2159.1	NC_015454.1	96.939	98	3	0	1	98	8944	9041	6.20e-40	165
ERR6913207.2159.1	NC_041956.1	96.939	98	3	0	1	98	8935	9032	6.20e-40	165
ERR6913207.2159.1	NC_018849.1	96.939	98	3	0	1	98	8936	9033	6.20e-40	165
ERR6913207.2159.1	NC_022339.1	96.939	98	3	0	1	98	8957	9054	6.20e-40	165
ERR6913207.2159.1	NC_015453.1	96.939	98	3	0	1	98	8953	9050	6.20e-40	165
ERR6913207.2159.1	NC_018840.1	96.939	98	3	0	1	98	8955	9052	6.20e-40	165
ERR6913207.2159.1	NC_018841.1	96.939	98	3	0	1	98	8963	9060	6.20e-40	165
ERR6913207.2159.1	NC_027620.1	95.918	98	4	0	1	98	8991	9088	2.89e-38	159
ERR6913207.2159.1	NC_027405.1	95.918	98	4	0	1	98	8965	9062	2.89e-38	159
ERR6913207.2159.1	NC_027346.1	95.918	98	4	0	1	98	8954	9051	2.89e-38	159
ERR6913207.2159.1	NC_027403.1	95.918	98	4	0	1	98	8965	9062	2.89e-38	159
ERR6913207.2159.1	NC_027400.1	95.918	98	4	0	1	98	8965	9062	2.89e-38	159
ERR6913207.2159.1	NC_027392.1	95.918	98	4	0	1	98	8965	9062	2.89e-38	159
ERR6913207.2159.1	NC_027389.1	95.918	98	4	0	1	98	8955	9052	2.89e-38	159
ERR6913207.2159.1	NC_018839.1	95.918	98	4	0	1	98	8946	9043	2.89e-38	159
ERR6913207.2159.1	NC_027336.1	95.918	98	4	0	1	98	8960	9057	2.89e-38	159
ERR6913207.2159.1	NC_031119.1	94.898	98	5	0	1	98	8936	9033	1.34e-36	154
ERR6913207.2159.1	NC_027630.1	94.898	98	5	0	1	98	8940	9037	1.34e-36	154
ERR6913207.2159.1	NC_027622.1	94.898	98	5	0	1	98	8952	9049	1.34e-36	154
ERR6913207.2159.1	NC_027628.1	94.898	98	5	0	1	98	8948	9045	1.34e-36	154
ERR6913207.2159.1	NC_027386.1	94.898	98	5	0	1	98	8941	9038	1.34e-36	154
ERR6913207.2159.1	NC_031084.1	93.878	98	6	0	1	98	8945	9042	6.25e-35	148
ERR6913207.2159.1	NC_027371.1	93.878	98	6	0	1	98	20737	20640	6.25e-35	148
ERR6913207.2159.1	NC_022340.1	93.878	98	6	0	1	98	8944	9041	6.25e-35	148
ERR6913207.2159.1	NC_018838.1	93.878	98	6	0	1	98	8949	9046	6.25e-35	148
ERR6913207.2159.1	NC_027295.1	93.750	96	6	0	3	98	8940	9035	8.08e-34	145
ERR6913207.2159.1	NC_027623.2	92.857	98	7	0	1	98	8935	9032	2.91e-33	143
ERR6913207.2159.1	NC_027625.1	92.857	98	7	0	1	98	8945	9042	2.91e-33	143
ERR6913207.2159.1	NC_018847.1	92.857	98	7	0	1	98	8935	9032	2.91e-33	143
ERR6913207.2159.1	NC_027333.1	91.837	98	8	0	1	98	8940	9037	1.35e-31	137
ERR6913207.2159.1	NC_041957.1	90.816	98	9	0	1	98	8941	9038	6.29e-30	132
ERR6913207.2159.1	NC_022336.1	90.816	98	9	0	1	98	8941	9038	6.29e-30	132
ERR6913207.2159.1	NC_027347.1	90.816	98	9	0	1	98	8941	9038	6.29e-30	132
ERR6913207.2334.1	NC_008168.1	90.625	64	6	0	3	66	20023	19960	9.05e-16	86.1
ERR6913207.2535.1	NC_074405.1	95.833	72	3	0	5	76	20	91	1.74e-25	117
ERR6913207.2793.1	NC_078985.1	97.500	40	1	0	64	103	40	1	5.82e-11	69.4
ERR6913207.2881.1	NC_045512.2	100.000	104	0	0	1	104	11556	11659	3.08e-48	193
ERR6913207.3091.1	NC_045512.2	98.936	94	0	1	48	140	28251	28344	2.69e-40	167
ERR6913207.3091.1	NC_045512.2	100.000	61	0	0	1	61	15	75	3.56e-24	113
ERR6913207.3091.1	NC_004718.3	90.164	61	3	3	1	61	15	72	4.67e-13	76.8
ERR6913207.3465.1	AC_000007.1	100.000	198	0	0	1	198	18318	18515	3.84e-100	366
ERR6913207.3465.1	NC_001405.1	100.000	198	0	0	1	198	18318	18515	3.84e-100	366
ERR6913207.3465.1	AC_000008.1	98.990	198	2	0	1	198	18320	18517	8.31e-97	355
ERR6913207.3465.1	AC_000017.1	94.949	198	10	0	1	198	18339	18536	1.82e-83	311
ERR6913207.3547.1	NC_045512.2	100.000	189	0	0	1	189	3587	3775	3.56e-95	350
ERR6913207.3597.1	NC_004740.1	100.000	99	0	0	15	113	18968	19066	2.06e-45	183
ERR6913207.3597.1	NC_005356.1	100.000	99	0	0	15	113	1210	1308	2.06e-45	183
ERR6913207.3597.1	NC_028775.1	100.000	99	0	0	15	113	41785	41687	2.06e-45	183
ERR6913207.3597.1	NC_048635.1	100.000	99	0	0	15	113	1109	1207	2.06e-45	183
ERR6913207.3597.1	NC_048681.1	100.000	99	0	0	15	113	16428	16526	2.06e-45	183
ERR6913207.3597.1	NC_048634.1	100.000	99	0	0	15	113	1154	1252	2.06e-45	183
ERR6913207.3597.1	NC_023499.1	100.000	99	0	0	15	113	20021	20119	2.06e-45	183
ERR6913207.3597.1	NC_048636.1	100.000	99	0	0	15	113	1109	1207	2.06e-45	183
ERR6913207.3597.1	NC_025460.1	100.000	99	0	0	15	113	18602	18700	2.06e-45	183
ERR6913207.3597.1	NC_013195.1	100.000	99	0	0	15	113	19924	20022	2.06e-45	183
ERR6913207.3597.1	NC_008617.1	100.000	99	0	0	15	113	18901	18999	2.06e-45	183
ERR6913207.3597.1	NC_048713.1	100.000	99	0	0	15	113	19533	19631	2.06e-45	183
ERR6913207.3597.1	NC_048657.1	100.000	99	0	0	15	113	19562	19660	2.06e-45	183
ERR6913207.3597.1	NC_026016.1	98.990	99	1	0	15	113	24399	24301	9.60e-44	178
ERR6913207.3597.1	NC_048710.1	98.990	99	1	0	15	113	18988	19086	9.60e-44	178
ERR6913207.3753.1	AC_000007.1	100.000	236	0	0	1	236	14972	14737	3.44e-121	436
ERR6913207.3753.1	AC_000017.1	100.000	236	0	0	1	236	14987	14752	3.44e-121	436
ERR6913207.3753.1	NC_001405.1	100.000	236	0	0	1	236	14972	14737	3.44e-121	436
ERR6913207.3753.1	AC_000008.1	99.153	236	2	0	1	236	14977	14742	7.45e-118	425
ERR6913207.3849.1	NC_045512.2	100.000	233	0	0	1	233	25435	25667	1.57e-119	431
ERR6913207.4196.1	NC_041955.1	98.069	259	5	0	1	259	14168	14426	1.35e-125	451
ERR6913207.4196.1	NC_031003.1	97.297	259	7	0	1	259	14169	14427	2.92e-122	440
ERR6913207.4196.1	NC_027620.1	96.899	258	8	0	1	258	14180	14437	4.89e-120	433
ERR6913207.4196.1	NC_027624.1	93.822	259	16	0	1	259	14174	14432	2.99e-107	390
ERR6913207.4196.1	NC_027371.1	93.050	259	18	0	1	259	15543	15285	6.46e-104	379
ERR6913207.4196.1	NC_027357.1	93.023	258	18	0	1	258	14162	14419	2.33e-103	377
ERR6913207.4196.1	NC_022341.1	92.636	258	19	0	1	258	14155	14412	1.08e-101	372
ERR6913207.4196.1	NC_018849.1	91.892	259	20	1	1	258	14050	14308	2.34e-98	361
ERR6913207.4196.1	NC_018840.1	91.892	259	19	2	1	258	14141	14398	2.34e-98	361
ERR6913207.4196.1	NC_028967.1	91.120	259	15	5	1	258	14248	14499	2.36e-93	344
ERR6913207.4196.1	NC_018842.1	90.909	253	23	0	6	258	14142	14394	3.05e-92	340
ERR6913207.4313.1	NC_027622.1	100.000	82	0	0	1	82	3461	3380	3.77e-36	152
ERR6913207.4313.1	NC_027623.2	100.000	82	0	0	1	82	3458	3377	3.77e-36	152
ERR6913207.4313.1	NC_027370.1	100.000	82	0	0	1	82	3458	3377	3.77e-36	152
ERR6913207.4313.1	NC_041955.1	100.000	82	0	0	1	82	3463	3382	3.77e-36	152
ERR6913207.4313.1	NC_009541.1	100.000	82	0	0	1	82	3463	3382	3.77e-36	152
ERR6913207.4313.1	NC_018852.1	100.000	82	0	0	1	82	3458	3377	3.77e-36	152
ERR6913207.4313.1	NC_027401.1	100.000	82	0	0	1	82	3457	3376	3.77e-36	152
ERR6913207.4313.1	NC_027627.1	98.780	82	1	0	1	82	3462	3381	1.75e-34	147
ERR6913207.4313.1	NC_027620.1	98.780	82	1	0	1	82	3463	3382	1.75e-34	147
ERR6913207.4313.1	NC_027624.1	98.780	82	1	0	1	82	3470	3389	1.75e-34	147
ERR6913207.4313.1	NC_027625.1	98.780	82	1	0	1	82	3460	3379	1.75e-34	147
ERR6913207.4313.1	NC_015454.1	98.780	82	1	0	1	82	3463	3382	1.75e-34	147
ERR6913207.4313.1	NC_018834.1	98.780	82	1	0	1	82	3458	3377	1.75e-34	147
ERR6913207.4313.1	NC_018841.1	98.780	82	1	0	1	82	3463	3382	1.75e-34	147
ERR6913207.4313.1	NC_028967.1	97.561	82	2	0	1	82	3458	3377	8.16e-33	141
ERR6913207.4313.1	NC_031003.1	97.561	82	2	0	1	82	3463	3382	8.16e-33	141
ERR6913207.4313.1	NC_031119.1	97.561	82	2	0	1	82	3455	3374	8.16e-33	141
ERR6913207.4313.1	NC_027626.1	97.561	82	2	0	1	82	3458	3377	8.16e-33	141
ERR6913207.4313.1	NC_041954.1	97.561	82	2	0	1	82	3463	3382	8.16e-33	141
ERR6913207.4313.1	NC_022337.1	97.561	82	2	0	1	82	3458	3377	8.16e-33	141
ERR6913207.4313.1	NC_018842.1	97.561	82	2	0	1	82	3463	3382	8.16e-33	141
ERR6913207.4313.1	NC_018849.1	97.561	82	2	0	1	82	3455	3374	8.16e-33	141
ERR6913207.4313.1	NC_022334.1	96.341	82	3	0	1	82	3463	3382	3.80e-31	135
ERR6913207.4313.1	NC_022342.1	96.341	82	3	0	1	82	3463	3382	3.80e-31	135
ERR6913207.4313.1	NC_018845.1	96.341	82	3	0	1	82	3460	3379	3.80e-31	135
ERR6913207.4313.1	NC_027354.1	95.122	82	4	0	1	82	3455	3374	1.77e-29	130
ERR6913207.4313.1	NC_041957.1	95.122	82	4	0	1	82	3459	3378	1.77e-29	130
ERR6913207.4313.1	NC_022336.1	95.122	82	4	0	1	82	3459	3378	1.77e-29	130
ERR6913207.4313.1	NC_027347.1	95.122	82	4	0	1	82	3459	3378	1.77e-29	130
ERR6913207.4313.1	NC_027333.1	95.122	82	4	0	1	82	3458	3377	1.77e-29	130
ERR6913207.4313.1	NC_015453.1	92.683	82	6	0	1	82	3463	3382	3.82e-26	119
ERR6913207.4313.1	NC_027630.1	91.463	82	7	0	1	82	3460	3379	1.78e-24	113
ERR6913207.4313.1	NC_027380.1	91.463	82	7	0	1	82	3460	3379	1.78e-24	113
ERR6913207.4313.1	NC_022335.1	91.463	82	7	0	1	82	3460	3379	1.78e-24	113
ERR6913207.4313.1	NC_027336.1	90.244	82	8	0	1	82	3463	3382	8.28e-23	108
ERR6913207.4313.1	NC_018840.1	90.244	82	8	0	1	82	3463	3382	8.28e-23	108
ERR6913207.4446.1	NC_019915.1	97.222	72	2	0	1	72	28855	28926	2.44e-27	122
ERR6913207.4446.1	NC_028821.1	97.222	72	2	0	1	72	9997	9926	2.44e-27	122
