ERR6913115.3.1	NC_019722.1	100.000	240	0	0	1	240	552	791	2.09e-123	444
ERR6913115.3.1	NC_027981.1	100.000	240	0	0	1	240	552	791	2.09e-123	444
ERR6913115.3.1	NC_004456.1	100.000	240	0	0	1	240	16070	16309	2.09e-123	444
ERR6913115.798.1	NC_041878.1	97.778	45	0	1	36	80	292676	292719	2.42e-13	76.8
ERR6913115.833.1	NC_027981.1	100.000	218	0	0	1	218	7520	7303	3.17e-111	403
ERR6913115.833.1	NC_019722.1	98.624	218	3	0	1	218	7520	7303	3.20e-106	387
ERR6913115.968.1	NC_027620.1	99.043	209	2	0	1	209	7541	7333	6.60e-103	375
ERR6913115.968.1	NC_041954.1	99.043	209	2	0	1	209	7519	7311	6.60e-103	375
ERR6913115.968.1	NC_027629.1	99.043	209	2	0	1	209	7512	7304	6.60e-103	375
ERR6913115.968.1	NC_028967.1	98.565	209	3	0	1	209	7508	7300	3.07e-101	370
ERR6913115.968.1	NC_027624.1	98.086	209	4	0	1	209	7535	7327	1.43e-99	364
ERR6913115.968.1	NC_027405.1	98.086	209	4	0	1	209	7515	7307	1.43e-99	364
ERR6913115.968.1	NC_027403.1	98.086	209	4	0	1	209	7515	7307	1.43e-99	364
ERR6913115.968.1	NC_027400.1	98.086	209	4	0	1	209	7515	7307	1.43e-99	364
ERR6913115.968.1	NC_027392.1	98.086	209	4	0	1	209	7515	7307	1.43e-99	364
ERR6913115.968.1	NC_027361.1	98.086	209	4	0	1	209	7510	7302	1.43e-99	364
ERR6913115.968.1	NC_027357.1	98.086	209	4	0	1	209	7508	7300	1.43e-99	364
ERR6913115.968.1	NC_018839.1	98.086	209	4	0	1	209	7513	7305	1.43e-99	364
ERR6913115.968.1	NC_018849.1	98.086	209	4	0	1	209	7501	7293	1.43e-99	364
ERR6913115.968.1	NC_022339.1	98.086	209	4	0	1	209	7510	7302	1.43e-99	364
ERR6913115.968.1	NC_027401.1	98.086	209	4	0	1	209	7518	7310	1.43e-99	364
ERR6913115.968.1	NC_018845.1	98.086	209	4	0	1	209	7510	7302	1.43e-99	364
ERR6913115.968.1	NC_031003.1	97.608	209	5	0	1	209	7529	7321	6.64e-98	359
ERR6913115.968.1	NC_027621.1	97.608	209	5	0	1	209	7523	7315	6.64e-98	359
ERR6913115.968.1	NC_027623.2	97.608	209	5	0	1	209	7505	7297	6.64e-98	359
ERR6913115.968.1	NC_027386.1	97.608	209	5	0	1	209	7517	7309	6.64e-98	359
ERR6913115.968.1	NC_027362.1	97.608	209	5	0	1	209	7518	7310	6.64e-98	359
ERR6913115.968.1	NC_022342.1	97.608	209	5	0	1	209	7517	7309	6.64e-98	359
ERR6913115.968.1	NC_027391.1	97.608	209	5	0	1	209	7526	7318	6.64e-98	359
ERR6913115.968.1	NC_009541.1	97.608	209	5	0	1	209	7521	7313	6.64e-98	359
ERR6913115.968.1	NC_018840.1	97.608	209	5	0	1	209	7509	7301	6.64e-98	359
ERR6913115.968.1	NC_018841.1	97.608	209	5	0	1	209	7513	7305	6.64e-98	359
ERR6913115.968.1	NC_031119.1	97.129	209	6	0	1	209	7510	7302	3.09e-96	353
ERR6913115.968.1	NC_031084.1	97.129	209	6	0	1	209	7509	7301	3.09e-96	353
ERR6913115.968.1	NC_027354.1	97.129	209	6	0	1	209	7493	7285	3.09e-96	353
ERR6913115.968.1	NC_027370.1	97.129	209	6	0	1	209	7516	7308	3.09e-96	353
ERR6913115.968.1	NC_027367.1	97.129	209	6	0	1	209	7500	7292	3.09e-96	353
ERR6913115.968.1	NC_041955.1	97.129	209	6	0	1	209	7529	7321	3.09e-96	353
ERR6913115.968.1	NC_022341.1	97.129	209	6	0	1	209	7521	7313	3.09e-96	353
ERR6913115.968.1	NC_022338.1	97.129	209	6	0	1	209	7500	7292	3.09e-96	353
ERR6913115.968.1	NC_018851.1	97.129	209	6	0	1	209	7511	7303	3.09e-96	353
ERR6913115.968.1	NC_018838.1	97.129	209	6	0	1	209	7521	7313	3.09e-96	353
ERR6913115.968.1	NC_027626.1	96.651	209	7	0	1	209	7518	7310	1.44e-94	348
ERR6913115.968.1	NC_027376.1	96.651	209	7	0	1	209	7509	7301	1.44e-94	348
ERR6913115.968.1	NC_027294.1	96.651	209	7	0	1	209	7508	7300	1.44e-94	348
ERR6913115.968.1	NC_041957.1	97.101	207	4	2	4	209	7501	7296	1.44e-94	348
ERR6913115.968.1	NC_022336.1	97.101	207	4	2	4	209	7501	7296	1.44e-94	348
ERR6913115.968.1	NC_027347.1	97.101	207	4	2	4	209	7501	7296	1.44e-94	348
ERR6913115.968.1	NC_027389.1	96.651	209	7	0	1	209	7524	7316	1.44e-94	348
ERR6913115.968.1	NC_015454.1	96.651	209	7	0	1	209	7513	7305	1.44e-94	348
ERR6913115.968.1	NC_027336.1	96.651	209	7	0	1	209	7514	7306	1.44e-94	348
ERR6913115.968.1	NC_018842.1	96.651	209	7	0	1	209	7513	7305	1.44e-94	348
ERR6913115.968.1	NC_027625.1	96.172	209	8	0	1	209	7510	7302	6.69e-93	342
ERR6913115.968.1	NC_027385.1	96.172	209	8	0	1	209	7512	7304	6.69e-93	342
ERR6913115.968.1	NC_022334.1	96.172	209	8	0	1	209	7513	7305	6.69e-93	342
ERR6913115.968.1	NC_022340.1	96.618	207	5	2	4	209	7514	7309	6.69e-93	342
ERR6913115.968.1	NC_027373.1	96.172	209	8	0	1	209	7507	7299	6.69e-93	342
ERR6913115.968.1	NC_041956.1	96.172	209	8	0	1	209	7508	7300	6.69e-93	342
ERR6913115.968.1	NC_015453.1	96.172	209	8	0	1	209	7510	7302	6.69e-93	342
ERR6913115.968.1	NC_027371.1	96.117	206	8	0	1	206	22173	22378	3.11e-91	337
ERR6913115.968.1	NC_027628.1	95.694	209	9	0	1	209	7505	7297	3.11e-91	337
ERR6913115.968.1	NC_027295.1	95.694	209	9	0	1	209	7511	7303	3.11e-91	337
ERR6913115.968.1	NC_027380.1	95.694	209	9	0	1	209	7506	7298	3.11e-91	337
ERR6913115.968.1	NC_022335.1	95.694	209	9	0	1	209	7506	7298	3.11e-91	337
ERR6913115.968.1	NC_027333.1	95.694	209	9	0	1	209	7506	7298	3.11e-91	337
ERR6913115.968.1	NC_018834.1	95.694	209	9	0	1	209	7505	7297	3.11e-91	337
ERR6913115.968.1	NC_027627.1	95.215	209	10	0	1	209	7512	7304	1.45e-89	331
ERR6913115.968.1	NC_027630.1	95.215	209	10	0	1	209	7513	7305	1.45e-89	331
ERR6913115.968.1	NC_022337.1	95.215	209	10	0	1	209	7508	7300	1.45e-89	331
ERR6913115.968.1	NC_018847.1	95.238	210	8	2	1	209	7508	7300	1.45e-89	331
ERR6913115.968.1	NC_027622.1	94.737	209	11	0	1	209	7508	7300	6.74e-88	326
ERR6913115.968.1	NC_018852.1	94.737	209	11	0	1	209	7506	7298	6.74e-88	326
ERR6913115.968.1	NC_028694.1	94.258	209	12	0	1	209	7514	7306	3.14e-86	320
ERR6913115.968.1	NC_027346.1	94.258	209	12	0	1	209	7517	7309	3.14e-86	320
ERR6913115.968.1	NC_031005.2	92.823	209	15	0	1	209	7506	7298	3.16e-81	303
ERR6913115.1592.1	NC_019722.1	99.371	159	1	0	1	159	801	959	6.43e-77	289
ERR6913115.1592.1	NC_004456.1	99.371	159	1	0	1	159	16319	16477	6.43e-77	289
ERR6913115.1592.1	NC_027981.1	98.113	159	3	0	1	159	801	959	1.39e-73	278
ERR6913115.1903.1	NC_009541.1	94.186	258	15	0	1	258	13838	14095	2.30e-108	394
ERR6913115.1903.1	NC_022341.1	91.860	258	21	0	1	258	13831	14088	2.33e-98	361
ERR6913115.1903.1	NC_022338.1	91.860	258	21	0	1	258	13825	14082	2.33e-98	361
ERR6913115.1903.1	NC_027367.1	91.473	258	22	0	1	258	13799	14056	1.08e-96	355
ERR6913115.1903.1	NC_018842.1	91.473	258	22	0	1	258	13813	14070	1.08e-96	355
ERR6913115.1903.1	NC_027401.1	91.473	258	22	0	1	258	13836	14093	1.08e-96	355
ERR6913115.1903.1	NC_018840.1	91.473	258	22	0	1	258	13817	14074	1.08e-96	355
ERR6913115.1903.1	NC_027386.1	91.085	258	23	0	1	258	13812	14069	5.05e-95	350
ERR6913115.1903.1	NC_027333.1	91.085	258	23	0	1	258	13811	14068	5.05e-95	350
ERR6913115.1903.1	NC_018851.1	91.085	258	23	0	1	258	13803	14060	5.05e-95	350
ERR6913115.1903.1	NC_031005.2	90.698	258	24	0	1	258	13812	14069	2.35e-93	344
ERR6913115.1903.1	NC_022337.1	90.698	258	24	0	1	258	13814	14071	2.35e-93	344
ERR6913115.1903.1	NC_027336.1	90.698	258	24	0	1	258	13830	14087	2.35e-93	344
ERR6913115.1903.1	NC_022339.1	90.698	258	24	0	1	258	13817	14074	2.35e-93	344
ERR6913115.1903.1	NC_018847.1	90.698	258	24	0	1	258	13803	14060	2.35e-93	344
ERR6913115.1903.1	NC_018845.1	90.698	258	24	0	1	258	13803	14060	2.35e-93	344
ERR6913115.1903.1	NC_028694.1	92.797	236	17	0	1	236	13811	14046	8.45e-93	342
ERR6913115.1903.1	NC_018841.1	90.347	259	23	2	1	258	13825	14082	1.09e-91	339
ERR6913115.1903.1	NC_027405.1	92.373	236	18	0	1	236	13830	14065	3.93e-91	337
ERR6913115.1903.1	NC_027403.1	92.373	236	18	0	1	236	13830	14065	3.93e-91	337
ERR6913115.1903.1	NC_027400.1	92.373	236	18	0	1	236	13830	14065	3.93e-91	337
ERR6913115.1903.1	NC_027392.1	92.373	236	18	0	1	236	13830	14065	3.93e-91	337
ERR6913115.1903.1	NC_027626.1	90.435	230	22	0	1	230	13812	14041	3.99e-81	303
ERR6913115.3210.1	NC_027399.1	90.476	189	13	5	2	188	234879	234694	1.96e-63	244
ERR6913115.3846.1	NC_041954.1	95.062	162	7	1	1	161	28572	28411	2.38e-66	254
ERR6913115.3846.1	NC_027623.2	95.062	162	7	1	1	161	28557	28396	2.38e-66	254
ERR6913115.3846.1	NC_041957.1	94.410	161	9	0	1	161	28754	28594	1.11e-64	248
ERR6913115.3846.1	NC_022336.1	94.410	161	9	0	1	161	28754	28594	1.11e-64	248
ERR6913115.3846.1	NC_027347.1	94.410	161	9	0	1	161	28754	28594	1.11e-64	248
ERR6913115.3846.1	NC_018840.1	94.444	162	8	1	1	161	28843	28682	1.11e-64	248
ERR6913115.3846.1	NC_022338.1	93.210	162	10	1	1	161	28766	28605	2.40e-61	237
ERR6913115.3846.1	NC_027401.1	93.210	162	9	2	1	161	28995	28835	2.40e-61	237
ERR6913115.3846.1	NC_027629.1	93.168	161	10	1	1	161	28113	27954	8.62e-61	235
ERR6913115.3846.1	NC_015454.1	93.125	160	9	2	1	159	28320	28162	3.10e-60	233
ERR6913115.3846.1	NC_018839.1	92.593	162	11	1	1	161	28961	28800	1.11e-59	231
ERR6913115.3846.1	NC_028967.1	91.975	162	12	1	1	161	28839	28678	5.19e-58	226
ERR6913115.3846.1	NC_027362.1	91.925	161	13	0	1	161	28689	28529	5.19e-58	226
ERR6913115.3846.1	NC_018834.1	91.975	162	11	2	1	161	28484	28324	5.19e-58	226
ERR6913115.3846.1	NC_027373.1	92.025	163	8	4	1	161	28666	28507	1.87e-57	224
ERR6913115.3846.1	NC_041956.1	91.975	162	9	3	1	161	28667	28509	1.87e-57	224
ERR6913115.3846.1	NC_027626.1	91.411	163	12	2	1	161	28580	28418	6.71e-57	222
ERR6913115.3846.1	NC_009541.1	91.358	162	12	2	1	161	28991	28831	2.41e-56	220
ERR6913115.3846.1	NC_015453.1	91.358	162	12	2	1	161	28263	28103	2.41e-56	220
ERR6913115.3846.1	NC_018838.1	91.411	163	10	3	1	161	28737	28577	2.41e-56	220
ERR6913115.3846.1	NC_027405.1	90.854	164	10	4	1	161	28510	28349	1.12e-54	215
ERR6913115.3846.1	NC_027403.1	90.854	164	10	4	1	161	28510	28349	1.12e-54	215
ERR6913115.3846.1	NC_027400.1	90.854	164	10	4	1	161	28510	28349	1.12e-54	215
ERR6913115.3846.1	NC_027392.1	90.854	164	10	4	1	161	28510	28349	1.12e-54	215
ERR6913115.3846.1	NC_018849.1	90.798	163	12	3	1	161	28435	28274	1.12e-54	215
ERR6913115.3846.1	NC_027376.1	90.123	162	15	1	1	161	28694	28533	5.22e-53	209
ERR6913115.3846.1	NC_027294.1	90.123	162	15	1	1	161	28692	28531	5.22e-53	209
ERR6913115.3846.1	NC_018842.1	93.396	106	6	1	57	161	28527	28422	6.90e-37	156
ERR6913115.3846.1	NC_031084.1	95.455	66	3	0	96	161	28406	28341	7.05e-22	106
ERR6913115.3846.1	NC_031084.1	94.340	53	3	0	1	53	28477	28425	1.19e-14	82.4
ERR6913115.3808.1	NC_019722.1	97.297	74	2	0	1	74	34250	34177	1.96e-28	126
ERR6913115.3808.1	NC_027981.1	97.297	74	2	0	1	74	35530	35457	1.96e-28	126
ERR6913115.3808.1	NC_004456.1	97.297	74	2	0	1	74	8003	7930	1.96e-28	126
ERR6913115.4166.1	NC_049430.1	93.878	49	3	0	1	49	16797	16749	2.62e-12	75.0
ERR6913115.5166.1	NC_078985.1	97.500	40	1	0	50	89	40	1	5.76e-11	69.4
ERR6913115.5689.1	NC_027981.1	100.000	143	0	0	1	143	17089	17231	9.53e-70	265
ERR6913115.5689.1	NC_019722.1	98.601	143	2	0	1	143	16192	16334	2.06e-66	254
ERR6913115.5689.1	NC_004456.1	97.902	143	3	0	1	143	32576	32718	9.59e-65	248
ERR6913115.6294.1	NC_019722.1	100.000	72	0	0	1	72	33781	33710	1.13e-30	134
ERR6913115.6294.1	NC_027981.1	100.000	72	0	0	1	72	35061	34990	1.13e-30	134
ERR6913115.6294.1	NC_004456.1	100.000	72	0	0	1	72	7533	7462	1.13e-30	134
ERR6913115.6540.1	NC_027399.1	93.600	125	8	0	10	134	234759	234883	1.96e-46	187
ERR6913115.6860.1	NC_027981.1	100.000	181	0	0	1	181	10103	9923	9.48e-91	335
ERR6913115.6860.1	NC_004456.1	98.343	181	3	0	1	181	25586	25406	9.55e-86	318
ERR6913115.6860.1	NC_019722.1	97.790	181	4	0	1	181	10103	9923	4.44e-84	313
ERR6913115.8099.1	NC_041878.1	92.308	52	4	0	157	208	1057	1108	3.52e-12	75.0
ERR6913115.8099.1	NC_041878.1	92.308	52	4	0	157	208	356980	357031	3.52e-12	75.0
ERR6913115.8953.1	NC_074583.1	94.828	58	3	0	29	86	405	348	8.92e-18	91.6
ERR6913115.9142.1	NC_019722.1	99.515	206	1	0	1	206	40122	40327	6.49e-103	375
ERR6913115.9142.1	NC_027981.1	99.515	206	1	0	1	206	41385	41590	6.49e-103	375
ERR6913115.9142.1	NC_004456.1	99.029	206	2	0	1	206	14288	14493	3.02e-101	370
ERR6913115.10791.1	NC_048837.1	100.000	47	0	0	1	47	3225	3179	4.84e-16	87.9
ERR6913115.10791.1	NC_048831.1	100.000	47	0	0	1	47	5218	5172	4.84e-16	87.9
ERR6913115.10791.1	NC_048844.1	100.000	47	0	0	1	47	3655	3609	4.84e-16	87.9
ERR6913115.10984.1	NC_050152.1	100.000	71	0	0	1	71	7147	7217	3.96e-30	132
ERR6913115.11217.1	NC_027981.1	100.000	149	0	0	1	149	11918	11770	4.63e-73	276
ERR6913115.11217.1	NC_004456.1	91.275	149	13	0	1	149	27402	27254	6.16e-52	206
ERR6913115.11220.1	NC_027981.1	100.000	149	0	0	1	149	11918	11770	4.63e-73	276
ERR6913115.11220.1	NC_004456.1	91.275	149	13	0	1	149	27402	27254	6.16e-52	206
ERR6913115.11692.1	NC_048842.1	94.964	139	7	0	1	139	2793	2655	7.26e-56	219
ERR6913115.11692.1	NC_048833.1	94.964	139	7	0	1	139	2793	2655	7.26e-56	219
ERR6913115.11694.1	NC_048842.1	94.245	139	8	0	1	139	2793	2655	3.38e-54	213
ERR6913115.11694.1	NC_048833.1	94.245	139	8	0	1	139	2793	2655	3.38e-54	213
ERR6913115.11992.1	NC_027981.1	99.010	101	1	0	1	101	5467	5567	6.41e-45	182
ERR6913115.11992.1	NC_019722.1	98.020	101	2	0	1	101	5467	5567	2.98e-43	176
ERR6913115.11992.1	NC_004456.1	98.020	101	2	0	1	101	20988	21088	2.98e-43	176
ERR6913115.12341.1	NC_027981.1	97.945	146	3	0	1	146	25228	25083	2.11e-66	254
ERR6913115.12341.1	NC_004456.1	98.182	55	1	0	1	55	40927	40873	3.77e-19	97.1
ERR6913115.13060.1	NC_027981.1	99.213	127	1	0	1	127	15656	15530	3.00e-59	230
ERR6913115.13060.1	NC_004456.1	96.850	127	4	0	1	127	31150	31024	3.02e-54	213
ERR6913115.13060.1	NC_019722.1	96.063	127	5	0	1	127	14763	14637	1.41e-52	207
ERR6913115.13145.1	NC_027981.1	98.529	68	1	0	1	68	12050	11983	8.02e-27	121
ERR6913115.13145.1	NC_004456.1	92.647	68	5	0	1	68	27534	27467	3.76e-20	99.0
ERR6913115.13847.1	NC_050152.1	100.000	114	0	0	1	114	7259	7372	9.57e-54	211
ERR6913115.13951.1	NC_027981.1	100.000	115	0	0	1	115	8402	8516	2.69e-54	213
ERR6913115.13951.1	NC_019722.1	99.130	115	1	0	1	115	8402	8516	1.25e-52	207
ERR6913115.13951.1	NC_004456.1	99.130	115	1	0	1	115	23885	23999	1.25e-52	207
ERR6913115.16403.1	NC_019722.1	99.611	257	1	0	1	257	232	488	3.70e-131	470
ERR6913115.16403.1	NC_004456.1	99.611	257	1	0	1	257	15750	16006	3.70e-131	470
ERR6913115.16403.1	NC_027981.1	98.444	257	4	0	1	257	232	488	3.72e-126	453
ERR6913115.16404.1	NC_019722.1	99.611	257	1	0	1	257	232	488	3.70e-131	470
ERR6913115.16404.1	NC_004456.1	99.611	257	1	0	1	257	15750	16006	3.70e-131	470
ERR6913115.16404.1	NC_027981.1	98.444	257	4	0	1	257	232	488	3.72e-126	453
ERR6913115.16449.1	NC_020200.1	96.907	97	3	0	1	97	18457	18361	2.20e-39	163
ERR6913115.16449.1	NC_009818.1	96.907	97	3	0	1	97	18468	18372	2.20e-39	163
ERR6913115.16449.1	NC_018274.1	96.907	97	3	0	1	97	19289	19193	2.20e-39	163
ERR6913115.16449.1	NC_020203.1	96.907	97	3	0	1	97	19437	19341	2.20e-39	163
ERR6913115.16449.1	NC_030908.1	96.907	97	3	0	1	97	19311	19215	2.20e-39	163
ERR6913115.16449.1	NC_041851.1	96.907	97	3	0	1	97	19378	19282	2.20e-39	163
ERR6913115.16449.1	NC_008717.1	96.907	97	3	0	1	97	18854	18758	2.20e-39	163
ERR6913115.16449.1	NC_024330.1	96.907	97	3	0	1	97	18175	18079	2.20e-39	163
ERR6913115.16449.1	NC_020198.1	96.907	97	3	0	1	97	19328	19232	2.20e-39	163
ERR6913115.16449.1	NC_026601.1	96.907	97	3	0	1	97	19592	19496	2.20e-39	163
ERR6913115.16449.1	NC_030918.1	95.876	97	4	0	1	97	18683	18587	1.02e-37	158
ERR6913115.16449.1	NC_027384.1	95.876	97	4	0	1	97	19263	19167	1.02e-37	158
ERR6913115.16449.1	NC_061433.1	95.876	97	4	0	1	97	19507	19411	1.02e-37	158
ERR6913115.16449.1	NC_061439.1	95.876	97	4	0	1	97	19094	18998	1.02e-37	158
ERR6913115.16449.1	NC_061437.1	95.876	97	4	0	1	97	19287	19191	1.02e-37	158
ERR6913115.16449.1	NC_020202.1	95.876	97	4	0	1	97	19630	19534	1.02e-37	158
ERR6913115.16449.1	NC_061436.1	95.876	97	4	0	1	97	18991	19087	1.02e-37	158
ERR6913115.16449.1	NC_005178.1	95.876	97	4	0	1	97	19610	19514	1.02e-37	158
ERR6913115.16449.1	NC_061438.1	95.876	97	4	0	1	97	19123	19027	1.02e-37	158
ERR6913115.16449.1	NC_061435.1	95.876	97	4	0	1	97	19726	19630	1.02e-37	158
ERR6913115.16449.1	NC_061434.1	94.845	97	5	0	1	97	18625	18529	4.76e-36	152
ERR6913115.16449.1	NC_061432.1	94.845	97	5	0	1	97	19085	18989	4.76e-36	152
ERR6913115.16449.1	NC_011613.1	94.845	97	5	0	1	97	18518	18422	4.76e-36	152
ERR6913115.16449.1	NC_024782.1	94.845	97	5	0	1	97	19048	18952	4.76e-36	152
ERR6913115.16449.1	NC_027298.1	94.845	97	5	0	1	97	18700	18604	4.76e-36	152
ERR6913115.16449.1	NC_023700.1	94.845	97	5	0	1	97	16435	16339	4.76e-36	152
