ERR6913198.103.1	NC_045512.2	100.000	140	0	0	1	140	26367	26228	4.32e-68	259
ERR6913198.103.1	NC_004718.3	98.529	136	2	0	1	136	26239	26104	1.56e-62	241
ERR6913198.103.1	NC_014470.1	94.245	139	7	1	2	139	26139	26001	1.23e-53	211
ERR6913198.204.1	NC_045512.2	100.000	136	0	0	1	136	16049	15914	6.97e-66	252
ERR6913198.220.1	NC_074405.1	94.505	91	5	0	20	110	1	91	1.37e-32	141
ERR6913198.221.1	NC_074405.1	94.505	91	5	0	20	110	1	91	1.37e-32	141
ERR6913198.380.1	NC_074405.1	94.505	91	5	0	8	98	91	1	2.83e-32	141
ERR6913198.441.1	NC_074405.1	94.505	91	5	0	13	103	91	1	2.46e-32	141
ERR6913198.446.1	NC_045512.2	100.000	167	0	0	1	167	2180	2014	5.23e-83	309
ERR6913198.541.1	NC_074405.1	94.505	91	5	0	19	109	91	1	2.73e-32	141
ERR6913198.566.1	NC_074405.1	94.505	91	5	0	19	109	91	1	2.99e-32	141
ERR6913198.570.1	NC_045512.2	100.000	137	0	0	1	137	27103	26967	1.96e-66	254
ERR6913198.572.1	NC_045512.2	100.000	137	0	0	1	137	27103	26967	1.96e-66	254
ERR6913198.591.1	NC_074405.1	94.505	91	5	0	21	111	91	1	2.16e-32	141
ERR6913198.638.1	NC_045512.2	100.000	136	0	0	1	136	28504	28639	7.04e-66	252
ERR6913198.638.1	NC_004718.3	91.603	131	11	0	6	136	28358	28488	9.36e-45	182
ERR6913198.639.1	NC_074405.1	94.505	91	5	0	21	111	91	1	2.86e-32	141
ERR6913198.746.1	NC_074405.1	94.505	91	5	0	125	215	1	91	2.99e-32	141
ERR6913198.768.1	NC_074405.1	94.505	91	5	0	18	108	91	1	1.69e-32	141
ERR6913198.792.1	NC_074405.1	94.505	91	5	0	47	137	1	91	2.15e-32	141
ERR6913198.802.1	NC_045512.2	100.000	95	0	0	1	95	10448	10542	2.75e-43	176
ERR6913198.802.1	NC_014470.1	91.954	87	7	0	9	95	10285	10371	3.63e-27	122
ERR6913198.929.1	NC_074405.1	94.505	91	5	0	12	102	91	1	1.27e-32	141
ERR6913198.982.1	NC_074405.1	90.083	121	8	3	39	157	1	119	2.50e-36	154
ERR6913198.1010.1	NC_074405.1	94.505	91	5	0	126	216	1	91	2.96e-32	141
ERR6913198.1014.1	NC_074405.1	94.505	91	5	0	24	114	91	1	2.72e-32	141
ERR6913198.1026.1	NC_074405.1	94.505	91	5	0	35	125	91	1	2.02e-32	141
ERR6913198.1151.1	NC_074405.1	94.505	91	5	0	86	176	1	91	2.26e-32	141
ERR6913198.1154.1	NC_074405.1	93.590	78	5	0	28	105	91	14	1.93e-25	117
ERR6913198.1209.1	NC_074405.1	93.421	76	5	0	19	94	91	16	2.15e-24	113
ERR6913198.1231.1	NC_074405.1	94.505	91	5	0	86	176	1	91	2.33e-32	141
ERR6913198.326.1	NC_074405.1	90.083	121	8	3	12	130	119	1	3.18e-36	154
ERR6913198.327.1	NC_074405.1	90.083	121	8	3	12	130	119	1	3.18e-36	154
ERR6913198.336.1	NC_074405.1	94.505	91	5	0	20	110	1	91	1.45e-32	141
ERR6913198.1237.1	NC_074405.1	94.505	91	5	0	126	216	1	91	3.01e-32	141
ERR6913198.1294.1	NC_074405.1	94.505	91	5	0	69	159	1	91	2.16e-32	141
ERR6913198.1314.1	NC_074405.1	90.083	121	8	3	62	180	1	119	3.07e-36	154
ERR6913198.1338.1	NC_074405.1	94.505	91	5	0	19	109	91	1	2.83e-32	141
ERR6913198.1341.1	NC_045512.2	99.270	137	1	0	1	137	431	567	9.10e-65	248
ERR6913198.1375.1	NC_045512.2	100.000	197	0	0	1	197	15604	15408	1.33e-99	364
ERR6913198.1379.1	NC_074405.1	98.413	63	1	0	1	63	63	1	1.49e-23	111
ERR6913198.1435.1	NC_045512.2	100.000	187	0	0	4	190	18677	18491	4.64e-94	346
ERR6913198.1490.1	NC_074405.1	94.505	91	5	0	34	124	91	1	2.85e-32	141
ERR6913198.1495.1	NC_045512.2	98.947	95	1	0	3	97	25698	25792	1.31e-41	171
ERR6913198.1503.1	NC_074405.1	94.505	91	5	0	9	99	91	1	2.46e-32	141
ERR6913198.1531.1	NC_074405.1	90.083	121	8	3	83	201	1	119	3.22e-36	154
ERR6913198.1251.1	NC_074405.1	94.505	91	5	0	100	190	1	91	2.61e-32	141
ERR6913198.1257.1	NC_074405.1	94.505	91	5	0	83	173	1	91	2.36e-32	141
ERR6913198.1634.1	NC_074405.1	94.505	91	5	0	73	163	1	91	1.96e-32	141
ERR6913198.1670.1	NC_074405.1	94.366	71	4	0	19	89	91	21	2.66e-23	110
ERR6913198.1682.1	NC_074405.1	94.505	91	5	0	100	190	1	91	2.43e-32	141
ERR6913198.1738.1	NC_074405.1	96.386	83	3	0	102	184	1	83	3.33e-31	137
ERR6913198.1747.1	NC_074405.1	94.505	91	5	0	15	105	91	1	2.92e-32	141
ERR6913198.1752.1	NC_074405.1	94.505	91	5	0	9	99	91	1	2.45e-32	141
ERR6913198.1765.1	NC_045512.2	100.000	111	0	0	1	111	12582	12692	4.30e-52	206
ERR6913198.1766.1	NC_045512.2	100.000	111	0	0	1	111	12582	12692	4.30e-52	206
ERR6913198.1548.1	NC_074405.1	94.366	71	4	0	1	71	21	91	2.87e-23	110
ERR6913198.1918.1	NC_074405.1	94.505	91	5	0	22	112	91	1	2.95e-32	141
ERR6913198.1965.1	NC_074405.1	94.505	91	5	0	21	111	91	1	1.88e-32	141
ERR6913198.1987.1	NC_022089.1	100.000	152	0	0	1	152	2278	2127	1.02e-74	281
ERR6913198.2067.1	NC_074405.1	94.505	91	5	0	126	216	1	91	3.01e-32	141
ERR6913198.2084.1	NC_074405.1	94.505	91	5	0	102	192	1	91	2.63e-32	141
ERR6913198.2085.1	NC_074405.1	94.505	91	5	0	102	192	1	91	2.63e-32	141
ERR6913198.2094.1	NC_074405.1	94.505	91	5	0	4	94	91	1	2.78e-32	141
ERR6913198.2332.1	NC_074405.1	90.083	121	8	3	36	154	1	119	2.56e-36	154
ERR6913198.2354.1	NC_045512.2	100.000	236	0	0	1	236	20246	20481	3.42e-121	436
ERR6913198.2365.1	NC_074405.1	94.505	91	5	0	86	176	1	91	2.39e-32	141
ERR6913198.2366.1	NC_074405.1	90.083	121	8	3	70	188	1	119	3.09e-36	154
ERR6913198.2405.1	NC_074405.1	94.505	91	5	0	14	104	91	1	2.53e-32	141
ERR6913198.2413.1	NC_074405.1	94.505	91	5	0	14	104	91	1	2.18e-32	141
ERR6913198.2570.1	NC_045512.2	100.000	147	0	0	1	147	17667	17521	5.89e-72	272
ERR6913198.2570.1	NC_004718.3	92.143	140	11	0	8	147	17590	17451	1.01e-49	198
ERR6913198.2571.1	NC_074405.1	94.505	91	5	0	22	112	91	1	2.76e-32	141
ERR6913198.2593.1	NC_074405.1	90.083	121	8	3	14	132	119	1	4.25e-36	154
ERR6913198.2595.1	NC_074405.1	94.505	91	5	0	7	97	91	1	1.62e-32	141
ERR6913198.2597.1	NC_074405.1	94.505	91	5	0	93	183	1	91	2.36e-32	141
ERR6913198.2511.1	NC_074405.1	94.505	91	5	0	3	93	91	1	1.05e-32	141
ERR6913198.2515.1	NC_045512.2	100.000	200	0	0	1	200	21134	21333	2.92e-101	370
ERR6913198.2522.1	NC_045512.2	99.625	267	1	0	1	267	15181	14915	1.07e-136	488
ERR6913198.2522.1	NC_004718.3	94.757	267	14	0	1	267	15111	14845	5.10e-115	416
ERR6913198.2661.1	NC_074405.1	90.083	121	8	3	11	129	119	1	2.22e-36	154
ERR6913198.2663.1	NC_074405.1	90.083	121	8	3	11	129	119	1	2.22e-36	154
ERR6913198.2685.1	NC_074405.1	90.083	121	8	3	39	157	1	119	2.45e-36	154
ERR6913198.2699.1	NC_074583.1	98.039	51	1	0	7	57	107	157	3.68e-17	89.8
ERR6913198.2746.1	NC_074405.1	94.505	91	5	0	126	216	1	91	2.82e-32	141
ERR6913198.2774.1	NC_074405.1	94.505	91	5	0	14	104	91	1	1.78e-32	141
ERR6913198.2820.1	NC_074405.1	94.505	91	5	0	97	187	1	91	2.62e-32	141
ERR6913198.2935.1	NC_074405.1	94.505	91	5	0	14	104	91	1	2.93e-32	141
ERR6913198.2997.1	NC_045512.2	100.000	176	0	0	1	176	15320	15495	5.52e-88	326
ERR6913198.3042.1	NC_074405.1	94.505	91	5	0	18	108	91	1	2.52e-32	141
ERR6913198.3022.1	NC_074405.1	94.505	91	5	0	126	216	1	91	2.98e-32	141
ERR6913198.3125.1	NC_074405.1	94.505	91	5	0	17	107	91	1	2.52e-32	141
ERR6913198.3145.1	NC_074405.1	94.505	91	5	0	12	102	91	1	2.73e-32	141
ERR6913198.3060.1	NC_074405.1	94.505	91	5	0	43	133	1	91	1.53e-32	141
ERR6913198.3064.1	NC_074405.1	94.505	91	5	0	102	192	1	91	2.62e-32	141
ERR6913198.3209.1	NC_045512.2	100.000	192	0	0	1	192	109	300	7.80e-97	355
ERR6913198.3209.1	NC_014470.1	95.238	189	7	2	5	192	38	225	1.33e-79	298
ERR6913198.3184.1	NC_074405.1	90.083	121	8	3	13	131	119	1	2.76e-36	154
ERR6913198.3449.1	NC_074405.1	94.505	91	5	0	126	216	1	91	3.45e-32	141
ERR6913198.3453.1	NC_074405.1	96.386	83	3	0	4	86	83	1	2.67e-31	137
ERR6913198.3456.1	NC_045512.2	100.000	247	0	0	1	247	17790	18036	2.77e-127	457
ERR6913198.3527.1	NC_078985.1	100.000	38	0	0	32	69	1	38	2.15e-11	71.3
ERR6913198.3532.1	NC_074405.1	94.505	91	5	0	97	187	1	91	2.56e-32	141
ERR6913198.3561.1	NC_074405.1	94.505	91	5	0	13	103	91	1	1.42e-32	141
ERR6913198.3572.1	NC_049955.1	100.000	191	0	0	1	191	35150	34960	2.79e-96	353
ERR6913198.3572.1	NC_001416.1	100.000	191	0	0	1	191	37000	36810	2.79e-96	353
ERR6913198.3572.1	NC_027339.1	100.000	191	0	0	1	191	29556	29366	2.79e-96	353
ERR6913198.3498.1	NC_045512.2	99.145	117	1	0	1	117	1961	1845	9.90e-54	211
ERR6913198.3644.1	NC_074405.1	90.083	121	8	3	44	162	1	119	2.74e-36	154
ERR6913198.3698.1	NC_074405.1	96.386	83	3	0	3	85	83	1	3.41e-31	137
ERR6913198.3851.1	NC_045512.2	100.000	116	0	0	1	116	26031	25916	7.57e-55	215
ERR6913198.3863.1	AC_000007.1	100.000	97	0	0	6	102	18222	18318	2.34e-44	180
ERR6913198.3863.1	AC_000017.1	100.000	97	0	0	6	102	18243	18339	2.34e-44	180
ERR6913198.3863.1	AC_000008.1	100.000	97	0	0	6	102	18224	18320	2.34e-44	180
ERR6913198.3863.1	NC_001405.1	100.000	97	0	0	6	102	18222	18318	2.34e-44	180
ERR6913198.3924.1	NC_045512.2	99.597	248	1	0	1	248	2458	2705	3.58e-126	453
ERR6913198.3895.1	NC_045512.2	100.000	172	0	0	1	172	29197	29026	9.00e-86	318
ERR6913198.3895.1	NC_004718.3	91.279	172	13	2	2	172	29045	28875	3.35e-60	233
ERR6913198.3915.1	NC_074405.1	94.505	91	5	0	102	192	1	91	2.63e-32	141
ERR6913198.4104.1	NC_074405.1	94.505	91	5	0	127	217	1	91	3.03e-32	141
ERR6913198.4190.1	NC_074405.1	94.505	91	5	0	30	120	1	91	1.65e-32	141
ERR6913198.4258.1	NC_074405.1	94.505	91	5	0	19	109	1	91	1.43e-32	141
ERR6913198.4132.1	NC_045512.2	99.638	276	0	1	1	275	16531	16806	3.93e-141	503
ERR6913198.4302.1	NC_074405.1	94.505	91	5	0	18	108	91	1	2.62e-32	141
ERR6913198.4360.1	NC_045512.2	99.603	252	1	0	1	252	8705	8956	2.18e-128	460
ERR6913198.4318.1	NC_074405.1	94.118	68	4	0	1	68	24	91	1.05e-21	104
ERR6913198.4416.1	NC_074405.1	94.505	91	5	0	55	145	1	91	1.86e-32	141
ERR6913198.4394.1	NC_074405.1	94.505	91	5	0	6	96	1	91	1.32e-32	141
ERR6913198.4448.1	NC_074405.1	94.505	91	5	0	97	187	1	91	2.85e-32	141
ERR6913198.4480.1	NC_045512.2	100.000	177	0	0	1	177	22849	22673	1.55e-88	327
ERR6913198.4529.1	NC_045512.2	100.000	147	0	0	3	149	4508	4362	5.98e-72	272
ERR6913198.4644.1	NC_074405.1	94.505	91	5	0	52	142	1	91	2.03e-32	141
ERR6913198.4736.1	NC_074405.1	94.505	91	5	0	108	198	1	91	2.65e-32	141
ERR6913198.4799.1	NC_074405.1	94.505	91	5	0	16	106	91	1	2.36e-32	141
ERR6913198.4624.1	NC_074405.1	90.083	121	8	3	100	218	1	119	3.77e-36	154
ERR6913198.4640.1	NC_074405.1	97.917	48	1	0	2	49	48	1	3.03e-15	84.2
