ERR6913111.810.1	NC_027373.1	94.975	199	10	0	1	199	20649	20847	4.96e-84	313
ERR6913111.810.1	NC_041956.1	94.975	199	10	0	1	199	20651	20849	4.96e-84	313
ERR6913111.810.1	NC_027630.1	92.965	199	14	0	1	199	20732	20930	2.32e-77	291
ERR6913111.810.1	NC_027629.1	92.965	199	14	0	1	199	20190	20388	2.32e-77	291
ERR6913111.810.1	NC_018852.1	92.965	199	14	0	1	199	20730	20928	2.32e-77	291
ERR6913111.810.1	NC_018840.1	92.462	199	15	0	1	199	20787	20985	1.08e-75	285
ERR6913111.810.1	NC_027622.1	91.960	199	16	0	1	199	20329	20527	5.03e-74	279
ERR6913111.810.1	NC_027405.1	91.960	199	16	0	1	199	20445	20643	5.03e-74	279
ERR6913111.810.1	NC_027403.1	91.960	199	16	0	1	199	20445	20643	5.03e-74	279
ERR6913111.810.1	NC_027400.1	91.960	199	16	0	1	199	20445	20643	5.03e-74	279
ERR6913111.810.1	NC_027392.1	91.960	199	16	0	1	199	20445	20643	5.03e-74	279
ERR6913111.810.1	NC_041955.1	91.960	199	16	0	1	199	20439	20637	5.03e-74	279
ERR6913111.810.1	NC_018834.1	91.960	199	16	0	1	199	20746	20944	5.03e-74	279
ERR6913111.810.1	NC_027620.1	91.457	199	17	0	1	199	20522	20720	2.34e-72	274
ERR6913111.810.1	NC_041954.1	91.457	199	17	0	1	199	20650	20848	2.34e-72	274
ERR6913111.810.1	NC_027623.2	91.457	199	17	0	1	199	20635	20833	2.34e-72	274
ERR6913111.810.1	NC_027362.1	90.955	199	18	0	1	199	20717	20915	1.09e-70	268
ERR6913111.810.1	NC_022341.1	91.371	197	15	2	4	199	20489	20684	1.09e-70	268
ERR6913111.810.1	NC_022338.1	90.955	199	18	0	1	199	20560	20758	1.09e-70	268
ERR6913111.810.1	NC_027336.1	90.955	199	18	0	1	199	20759	20957	1.09e-70	268
ERR6913111.810.1	NC_028967.1	90.452	199	19	0	1	199	20830	21028	5.07e-69	263
ERR6913111.810.1	NC_027354.1	90.452	199	19	0	1	199	20665	20863	5.07e-69	263
ERR6913111.810.1	NC_027380.1	90.452	199	19	0	1	199	20680	20878	5.07e-69	263
ERR6913111.810.1	NC_022335.1	90.452	199	19	0	1	199	20680	20878	5.07e-69	263
ERR6913111.810.1	NC_018842.1	90.452	199	19	0	1	199	20750	20948	5.07e-69	263
ERR6913111.810.1	NC_009541.1	90.452	199	19	0	1	199	20710	20908	5.07e-69	263
ERR6913111.810.1	NC_018849.1	90.863	197	16	2	4	199	20388	20583	5.07e-69	263
ERR6913111.810.1	NC_018845.1	90.452	199	19	0	1	199	20525	20723	5.07e-69	263
ERR6913111.810.1	NC_027371.1	90.306	196	19	0	4	199	9207	9012	2.36e-67	257
ERR6913111.810.1	NC_027370.1	90.050	201	16	2	1	199	20703	20901	2.36e-67	257
ERR6913111.810.1	NC_022342.1	90.000	200	18	2	1	199	20437	20635	2.36e-67	257
ERR6913111.810.1	NC_015454.1	90.000	200	18	2	1	199	20490	20688	2.36e-67	257
ERR6913111.810.1	NC_027401.1	90.206	194	19	0	6	199	20732	20925	3.05e-66	254
ERR6913111.1396.1	NC_017968.1	98.347	242	4	0	1	242	18974	19215	7.62e-118	425
ERR6913111.1396.1	NC_054982.1	98.347	242	4	0	1	242	11240	11481	7.62e-118	425
ERR6913111.1396.1	NC_003288.1	98.347	242	4	0	1	242	33971	33730	7.62e-118	425
ERR6913111.1396.1	NC_021332.1	98.347	242	4	0	1	242	33449	33208	7.62e-118	425
ERR6913111.1396.1	NC_054978.1	98.347	242	4	0	1	242	22588	22347	7.62e-118	425
ERR6913111.1396.1	NC_054973.1	98.347	242	4	0	1	242	17109	16868	7.62e-118	425
ERR6913111.1396.1	NC_008798.1	98.347	242	4	0	1	242	34132	33891	7.62e-118	425
ERR6913111.1396.1	NC_054980.1	97.934	242	5	0	1	242	2008	1767	3.55e-116	420
ERR6913111.1396.1	NC_007050.1	97.934	242	5	0	1	242	18171	17930	3.55e-116	420
ERR6913111.1396.1	NC_007060.1	95.868	242	10	0	1	242	17083	16842	7.73e-108	392
ERR6913111.1396.1	NC_021326.1	95.868	242	10	0	1	242	11826	12067	7.73e-108	392
ERR6913111.1396.1	NC_023500.1	95.868	242	10	0	1	242	32855	32614	7.73e-108	392
ERR6913111.1396.1	NC_054981.1	94.628	242	13	0	1	242	31487	31728	7.79e-103	375
ERR6913111.1396.1	NC_024391.1	100.000	71	0	0	172	242	32148	32078	1.86e-29	132
ERR6913111.1396.1	NC_007057.1	95.775	71	3	0	172	242	17264	17194	1.87e-24	115
ERR6913111.1396.1	NC_007064.1	95.775	71	3	0	172	242	16947	16877	1.87e-24	115
ERR6913111.1396.1	NC_028917.1	93.506	77	5	0	166	242	6248	6324	1.87e-24	115
ERR6913111.1396.1	NC_007063.1	95.775	71	3	0	172	242	16950	16880	1.87e-24	115
ERR6913111.1396.1	NC_007061.1	95.775	71	3	0	172	242	17058	16988	1.87e-24	115
ERR6913111.1396.1	NC_030652.1	95.775	71	3	0	172	242	32139	32069	1.87e-24	115
ERR6913111.1396.1	NC_054983.1	95.775	71	3	0	172	242	24169	24099	1.87e-24	115
ERR6913111.1396.1	NC_007062.1	95.775	71	3	0	172	242	17135	17065	1.87e-24	115
ERR6913111.1396.1	NC_007059.1	95.775	71	3	0	172	242	16781	16711	1.87e-24	115
ERR6913111.1396.1	NC_010147.1	95.775	71	3	0	172	242	33896	33826	1.87e-24	115
ERR6913111.1396.1	NC_007058.1	95.775	71	3	0	172	242	17989	17919	1.87e-24	115
ERR6913111.1396.1	NC_008799.1	95.775	71	3	0	172	242	34002	33932	1.87e-24	115
ERR6913111.1396.1	NC_028669.1	95.775	71	3	0	172	242	34280	34210	1.87e-24	115
ERR6913111.1396.1	NC_028864.1	95.775	71	3	0	172	242	34434	34364	1.87e-24	115
ERR6913111.1396.1	NC_054979.1	95.775	71	3	0	172	242	33829	33759	1.87e-24	115
ERR6913111.1396.1	NC_028915.1	95.775	71	3	0	172	242	33944	33874	1.87e-24	115
ERR6913111.1396.1	NC_028859.1	95.775	71	3	0	172	242	33600	33530	1.87e-24	115
ERR6913111.1396.1	NC_007049.1	95.775	71	3	0	172	242	17893	17823	1.87e-24	115
ERR6913111.1396.1	NC_009526.1	95.775	71	3	0	172	242	34144	34074	1.87e-24	115
ERR6913111.1396.1	NC_054976.1	95.775	71	3	0	172	242	39642	39572	1.87e-24	115
ERR6913111.1396.1	NC_007048.1	95.775	71	3	0	172	242	17840	17770	1.87e-24	115
ERR6913111.1396.1	NC_010808.1	95.775	71	3	0	172	242	34587	34517	1.87e-24	115
ERR6913111.1396.1	NC_028913.1	95.775	71	3	0	172	242	34372	34302	1.87e-24	115
ERR6913111.1396.1	NC_029010.1	95.775	71	3	0	172	242	21950	21880	1.87e-24	115
ERR6913111.1396.1	NC_008583.1	95.775	71	3	0	172	242	34378	34308	1.87e-24	115
ERR6913111.1396.1	NC_021801.1	94.366	71	4	0	172	242	28733	28663	8.72e-23	110
ERR6913111.1396.1	NC_021863.1	94.366	71	4	0	172	242	33438	33368	8.72e-23	110
ERR6913111.1396.1	NC_007065.1	94.366	71	4	0	172	242	16767	16697	8.72e-23	110
ERR6913111.1396.1	NC_054977.1	94.366	71	4	0	172	242	34659	34589	8.72e-23	110
ERR6913111.1396.1	NC_004615.1	100.000	59	0	0	184	242	34254	34196	8.72e-23	110
ERR6913111.1396.1	NC_054975.1	94.366	71	4	0	172	242	17831	17761	8.72e-23	110
ERR6913111.1396.1	NC_014460.1	100.000	59	0	0	184	242	15409	15351	8.72e-23	110
ERR6913111.1396.1	NC_054974.1	94.366	71	4	0	172	242	17761	17691	8.72e-23	110
ERR6913111.1408.1	NC_027385.1	98.901	91	1	0	1	91	19611	19521	2.02e-39	163
ERR6913111.1408.1	NC_027405.1	97.802	91	2	0	1	91	19640	19550	9.38e-38	158
ERR6913111.1408.1	NC_027403.1	97.802	91	2	0	1	91	19640	19550	9.38e-38	158
ERR6913111.1408.1	NC_027400.1	97.802	91	2	0	1	91	19640	19550	9.38e-38	158
ERR6913111.1408.1	NC_027392.1	97.802	91	2	0	1	91	19640	19550	9.38e-38	158
ERR6913111.1408.1	NC_022337.1	97.802	91	2	0	1	91	19638	19548	9.38e-38	158
ERR6913111.1408.1	NC_027391.1	97.802	91	2	0	1	91	19679	19589	9.38e-38	158
ERR6913111.1408.1	NC_027357.1	97.802	91	2	0	1	91	19662	19572	9.38e-38	158
ERR6913111.1408.1	NC_027401.1	97.802	91	2	0	1	91	19623	19533	9.38e-38	158
ERR6913111.1408.1	NC_018840.1	97.802	91	2	0	1	91	19685	19595	9.38e-38	158
ERR6913111.1408.1	NC_027627.1	98.824	85	1	0	1	85	19617	19533	4.36e-36	152
ERR6913111.1408.1	NC_027376.1	96.703	91	3	0	1	91	19628	19538	4.36e-36	152
ERR6913111.1408.1	NC_027294.1	96.703	91	3	0	1	91	19627	19537	4.36e-36	152
ERR6913111.1408.1	NC_027625.1	96.703	91	3	0	1	91	19595	19505	4.36e-36	152
ERR6913111.1408.1	NC_027367.1	98.824	85	1	0	1	85	19555	19471	4.36e-36	152
ERR6913111.1408.1	NC_018847.1	96.703	91	3	0	1	91	19601	19511	4.36e-36	152
ERR6913111.1408.1	NC_018852.1	98.824	85	1	0	1	85	19617	19533	4.36e-36	152
ERR6913111.1408.1	NC_018851.1	96.703	91	3	0	1	91	19601	19511	4.36e-36	152
ERR6913111.1408.1	NC_018841.1	96.703	91	3	0	1	91	19658	19568	4.36e-36	152
ERR6913111.1408.1	NC_027626.1	97.647	85	2	0	1	85	19604	19520	2.03e-34	147
ERR6913111.1408.1	NC_027370.1	95.604	91	4	0	1	91	19602	19512	2.03e-34	147
ERR6913111.1408.1	NC_022338.1	95.604	91	4	0	1	91	19455	19365	2.03e-34	147
ERR6913111.1408.1	NC_015454.1	97.647	85	2	0	1	85	19385	19301	2.03e-34	147
ERR6913111.1408.1	NC_018842.1	97.647	85	2	0	1	85	19644	19560	2.03e-34	147
ERR6913111.1408.1	NC_009541.1	95.604	91	4	0	1	91	19602	19512	2.03e-34	147
ERR6913111.1408.1	NC_015453.1	97.647	85	2	0	1	85	19553	19469	2.03e-34	147
ERR6913111.1408.1	NC_018845.1	95.604	91	4	0	1	91	19415	19325	2.03e-34	147
ERR6913111.1408.1	NC_028967.1	96.471	85	3	0	1	85	19722	19638	9.45e-33	141
ERR6913111.1408.1	NC_041957.1	94.505	91	5	0	1	91	19625	19535	9.45e-33	141
ERR6913111.1408.1	NC_022336.1	94.505	91	5	0	1	91	19625	19535	9.45e-33	141
ERR6913111.1408.1	NC_027347.1	94.505	91	5	0	1	91	19625	19535	9.45e-33	141
ERR6913111.1408.1	NC_022334.1	94.505	91	5	0	1	91	19651	19561	9.45e-33	141
ERR6913111.1408.1	NC_027333.1	94.505	91	5	0	1	91	19609	19519	9.45e-33	141
ERR6913111.1408.1	NC_027336.1	94.505	91	5	0	1	91	19658	19568	9.45e-33	141
ERR6913111.1408.1	NC_018834.1	94.505	91	5	0	1	91	19647	19557	9.45e-33	141
ERR6913111.1408.1	NC_018839.1	96.386	83	3	0	1	83	19608	19526	1.22e-31	137
ERR6913111.1408.1	NC_041954.1	95.294	85	4	0	1	85	19552	19468	4.40e-31	135
ERR6913111.1408.1	NC_027623.2	95.294	85	4	0	1	85	19537	19453	4.40e-31	135
ERR6913111.1408.1	NC_027354.1	95.294	85	4	0	1	85	19558	19474	4.40e-31	135
ERR6913111.1408.1	NC_027373.1	95.294	85	4	0	1	85	19548	19464	4.40e-31	135
ERR6913111.1408.1	NC_041956.1	95.294	85	4	0	1	85	19550	19466	4.40e-31	135
ERR6913111.1408.1	NC_027629.1	97.436	78	2	0	14	91	19371	19294	1.58e-30	134
ERR6913111.1408.1	NC_028694.1	94.118	85	5	0	1	85	19566	19482	2.05e-29	130
ERR6913111.1408.1	NC_027295.1	92.308	91	7	0	1	91	19602	19512	2.05e-29	130
ERR6913111.1408.1	NC_027380.1	92.308	91	7	0	1	91	19576	19486	2.05e-29	130
ERR6913111.1408.1	NC_022335.1	92.308	91	7	0	1	91	19576	19486	2.05e-29	130
ERR6913111.1408.1	NC_031005.2	92.941	85	6	0	1	85	19588	19504	9.52e-28	124
ERR6913111.1408.1	NC_027630.1	92.941	85	6	0	1	85	19621	19537	9.52e-28	124
ERR6913111.1408.1	NC_031003.1	97.183	71	2	0	21	91	19691	19621	1.23e-26	121
ERR6913111.1408.1	NC_022340.1	97.183	71	2	0	21	91	19578	19508	1.23e-26	121
ERR6913111.1408.1	NC_018849.1	93.590	78	5	0	14	91	19564	19487	1.59e-25	117
ERR6913111.1408.1	NC_027621.1	98.462	65	1	0	21	85	19387	19323	5.73e-25	115
ERR6913111.1408.1	NC_027620.1	98.462	65	1	0	21	85	19694	19630	5.73e-25	115
ERR6913111.1408.1	NC_027622.1	98.462	65	1	0	21	85	19501	19437	5.73e-25	115
ERR6913111.1408.1	NC_041955.1	95.775	71	3	0	21	91	19611	19541	5.73e-25	115
ERR6913111.1408.1	NC_022341.1	98.462	65	1	0	21	85	19655	19591	5.73e-25	115
ERR6913111.1408.1	NC_027371.1	94.444	72	4	0	15	86	10033	10104	7.41e-24	111
ERR6913111.1408.1	NC_018838.1	94.366	71	4	0	21	91	19616	19546	2.66e-23	110
ERR6913111.1410.1	NC_027385.1	98.901	91	1	0	1	91	19611	19521	2.02e-39	163
ERR6913111.1410.1	NC_027405.1	97.802	91	2	0	1	91	19640	19550	9.38e-38	158
ERR6913111.1410.1	NC_027403.1	97.802	91	2	0	1	91	19640	19550	9.38e-38	158
ERR6913111.1410.1	NC_027400.1	97.802	91	2	0	1	91	19640	19550	9.38e-38	158
ERR6913111.1410.1	NC_027392.1	97.802	91	2	0	1	91	19640	19550	9.38e-38	158
ERR6913111.1410.1	NC_022337.1	97.802	91	2	0	1	91	19638	19548	9.38e-38	158
ERR6913111.1410.1	NC_027391.1	97.802	91	2	0	1	91	19679	19589	9.38e-38	158
ERR6913111.1410.1	NC_027357.1	97.802	91	2	0	1	91	19662	19572	9.38e-38	158
ERR6913111.1410.1	NC_027401.1	97.802	91	2	0	1	91	19623	19533	9.38e-38	158
ERR6913111.1410.1	NC_018840.1	97.802	91	2	0	1	91	19685	19595	9.38e-38	158
ERR6913111.1410.1	NC_027627.1	98.824	85	1	0	1	85	19617	19533	4.36e-36	152
ERR6913111.1410.1	NC_027376.1	96.703	91	3	0	1	91	19628	19538	4.36e-36	152
ERR6913111.1410.1	NC_027294.1	96.703	91	3	0	1	91	19627	19537	4.36e-36	152
ERR6913111.1410.1	NC_027625.1	96.703	91	3	0	1	91	19595	19505	4.36e-36	152
ERR6913111.1410.1	NC_027367.1	98.824	85	1	0	1	85	19555	19471	4.36e-36	152
ERR6913111.1410.1	NC_018847.1	96.703	91	3	0	1	91	19601	19511	4.36e-36	152
ERR6913111.1410.1	NC_018852.1	98.824	85	1	0	1	85	19617	19533	4.36e-36	152
ERR6913111.1410.1	NC_018851.1	96.703	91	3	0	1	91	19601	19511	4.36e-36	152
ERR6913111.1410.1	NC_018841.1	96.703	91	3	0	1	91	19658	19568	4.36e-36	152
ERR6913111.1410.1	NC_027626.1	97.647	85	2	0	1	85	19604	19520	2.03e-34	147
ERR6913111.1410.1	NC_027370.1	95.604	91	4	0	1	91	19602	19512	2.03e-34	147
ERR6913111.1410.1	NC_022338.1	95.604	91	4	0	1	91	19455	19365	2.03e-34	147
ERR6913111.1410.1	NC_015454.1	97.647	85	2	0	1	85	19385	19301	2.03e-34	147
ERR6913111.1410.1	NC_018842.1	97.647	85	2	0	1	85	19644	19560	2.03e-34	147
ERR6913111.1410.1	NC_009541.1	95.604	91	4	0	1	91	19602	19512	2.03e-34	147
ERR6913111.1410.1	NC_015453.1	97.647	85	2	0	1	85	19553	19469	2.03e-34	147
ERR6913111.1410.1	NC_018845.1	95.604	91	4	0	1	91	19415	19325	2.03e-34	147
ERR6913111.1410.1	NC_028967.1	96.471	85	3	0	1	85	19722	19638	9.45e-33	141
ERR6913111.1410.1	NC_041957.1	94.505	91	5	0	1	91	19625	19535	9.45e-33	141
ERR6913111.1410.1	NC_022336.1	94.505	91	5	0	1	91	19625	19535	9.45e-33	141
ERR6913111.1410.1	NC_027347.1	94.505	91	5	0	1	91	19625	19535	9.45e-33	141
ERR6913111.1410.1	NC_022334.1	94.505	91	5	0	1	91	19651	19561	9.45e-33	141
ERR6913111.1410.1	NC_027333.1	94.505	91	5	0	1	91	19609	19519	9.45e-33	141
ERR6913111.1410.1	NC_027336.1	94.505	91	5	0	1	91	19658	19568	9.45e-33	141
ERR6913111.1410.1	NC_018834.1	94.505	91	5	0	1	91	19647	19557	9.45e-33	141
ERR6913111.1410.1	NC_018839.1	96.386	83	3	0	1	83	19608	19526	1.22e-31	137
ERR6913111.1410.1	NC_041954.1	95.294	85	4	0	1	85	19552	19468	4.40e-31	135
ERR6913111.1410.1	NC_027623.2	95.294	85	4	0	1	85	19537	19453	4.40e-31	135
ERR6913111.1410.1	NC_027354.1	95.294	85	4	0	1	85	19558	19474	4.40e-31	135
ERR6913111.1410.1	NC_027373.1	95.294	85	4	0	1	85	19548	19464	4.40e-31	135
ERR6913111.1410.1	NC_041956.1	95.294	85	4	0	1	85	19550	19466	4.40e-31	135
ERR6913111.1410.1	NC_027629.1	97.436	78	2	0	14	91	19371	19294	1.58e-30	134
ERR6913111.1410.1	NC_028694.1	94.118	85	5	0	1	85	19566	19482	2.05e-29	130
ERR6913111.1410.1	NC_027295.1	92.308	91	7	0	1	91	19602	19512	2.05e-29	130
ERR6913111.1410.1	NC_027380.1	92.308	91	7	0	1	91	19576	19486	2.05e-29	130
ERR6913111.1410.1	NC_022335.1	92.308	91	7	0	1	91	19576	19486	2.05e-29	130
ERR6913111.1410.1	NC_031005.2	92.941	85	6	0	1	85	19588	19504	9.52e-28	124
ERR6913111.1410.1	NC_027630.1	92.941	85	6	0	1	85	19621	19537	9.52e-28	124
ERR6913111.1410.1	NC_031003.1	97.183	71	2	0	21	91	19691	19621	1.23e-26	121
ERR6913111.1410.1	NC_022340.1	97.183	71	2	0	21	91	19578	19508	1.23e-26	121
ERR6913111.1410.1	NC_018849.1	93.590	78	5	0	14	91	19564	19487	1.59e-25	117
ERR6913111.1410.1	NC_027621.1	98.462	65	1	0	21	85	19387	19323	5.73e-25	115
ERR6913111.1410.1	NC_027620.1	98.462	65	1	0	21	85	19694	19630	5.73e-25	115
ERR6913111.1410.1	NC_027622.1	98.462	65	1	0	21	85	19501	19437	5.73e-25	115
ERR6913111.1410.1	NC_041955.1	95.775	71	3	0	21	91	19611	19541	5.73e-25	115
ERR6913111.1410.1	NC_022341.1	98.462	65	1	0	21	85	19655	19591	5.73e-25	115
ERR6913111.1410.1	NC_027371.1	94.444	72	4	0	15	86	10033	10104	7.41e-24	111
ERR6913111.1410.1	NC_018838.1	94.366	71	4	0	21	91	19616	19546	2.66e-23	110
ERR6913111.3244.1	NC_048838.1	98.592	71	1	0	1	71	3652	3722	9.66e-28	126
ERR6913111.5328.1	NC_048842.1	98.750	80	1	0	1	80	2113	2034	6.21e-33	143
ERR6913111.5328.1	NC_048833.1	98.750	80	1	0	1	80	2113	2034	6.21e-33	143
ERR6913111.5328.1	NC_048831.1	93.750	80	2	2	1	77	3698	3619	3.76e-25	117
ERR6913111.5609.1	NC_031912.1	100.000	82	0	0	1	82	81002	80921	3.77e-36	152
ERR6913111.5609.1	NC_031931.1	100.000	82	0	0	1	82	80822	80741	3.77e-36	152
ERR6913111.5609.1	NC_041872.1	100.000	82	0	0	1	82	77214	77133	3.77e-36	152
ERR6913111.5609.1	NC_031904.1	100.000	82	0	0	1	82	77273	77192	3.77e-36	152
ERR6913111.5609.1	NC_031914.1	100.000	82	0	0	1	82	80847	80766	3.77e-36	152
ERR6913111.5976.1	NC_009541.1	99.156	237	2	0	1	237	818	582	2.07e-118	427
ERR6913111.5976.1	NC_018852.1	99.156	237	2	0	1	237	813	577	2.07e-118	427
ERR6913111.5976.1	NC_027624.1	98.734	237	3	0	1	237	825	589	9.63e-117	422
ERR6913111.5976.1	NC_027629.1	98.734	237	3	0	1	237	813	577	9.63e-117	422
ERR6913111.5976.1	NC_027380.1	98.734	237	3	0	1	237	818	582	9.63e-117	422
ERR6913111.5976.1	NC_022335.1	98.734	237	3	0	1	237	818	582	9.63e-117	422
ERR6913111.5976.1	NC_022341.1	98.734	237	3	0	1	237	818	582	9.63e-117	422
ERR6913111.5976.1	NC_027336.1	98.734	237	3	0	1	237	818	582	9.63e-117	422
ERR6913111.5976.1	NC_027367.1	98.312	237	4	0	1	237	813	577	4.48e-115	416
ERR6913111.5976.1	NC_022334.1	98.312	237	4	0	1	237	818	582	4.48e-115	416
ERR6913111.5976.1	NC_027361.1	98.312	237	4	0	1	237	818	582	4.48e-115	416
ERR6913111.5976.1	NC_018849.1	98.312	237	4	0	1	237	813	577	4.48e-115	416
ERR6913111.5976.1	NC_022339.1	98.312	237	4	0	1	237	818	582	4.48e-115	416
ERR6913111.5976.1	NC_015453.1	98.312	237	4	0	1	237	818	582	4.48e-115	416
ERR6913111.5976.1	NC_027389.1	97.890	237	5	0	1	237	825	589	2.09e-113	411
ERR6913111.5976.1	NC_018851.1	97.890	237	5	0	1	237	818	582	2.09e-113	411
ERR6913111.5976.1	NC_018840.1	97.890	237	5	0	1	237	818	582	2.09e-113	411
ERR6913111.5976.1	NC_028967.1	97.468	237	6	0	1	237	813	577	9.70e-112	405
ERR6913111.5976.1	NC_027630.1	97.468	237	6	0	1	237	818	582	9.70e-112	405
ERR6913111.5976.1	NC_027376.1	97.468	237	6	0	1	237	813	577	9.70e-112	405
ERR6913111.5976.1	NC_027294.1	97.468	237	6	0	1	237	812	576	9.70e-112	405
ERR6913111.5976.1	NC_027354.1	97.468	237	6	0	1	237	813	577	9.70e-112	405
ERR6913111.5976.1	NC_027625.1	97.468	237	6	0	1	237	818	582	9.70e-112	405
ERR6913111.5976.1	NC_027362.1	97.468	237	6	0	1	237	818	582	9.70e-112	405
ERR6913111.5976.1	NC_027391.1	97.468	237	6	0	1	237	817	581	9.70e-112	405
ERR6913111.5976.1	NC_031119.1	97.046	237	7	0	1	237	813	577	4.51e-110	399
ERR6913111.5976.1	NC_027627.1	97.046	237	7	0	1	237	817	581	4.51e-110	399
ERR6913111.5976.1	NC_041957.1	97.046	237	7	0	1	237	817	581	4.51e-110	399
ERR6913111.5976.1	NC_022336.1	97.046	237	7	0	1	237	817	581	4.51e-110	399
ERR6913111.5976.1	NC_027347.1	97.046	237	7	0	1	237	817	581	4.51e-110	399
ERR6913111.5976.1	NC_022340.1	97.059	238	5	2	1	237	826	590	4.51e-110	399
ERR6913111.5976.1	NC_015454.1	97.046	237	7	0	1	237	818	582	4.51e-110	399
ERR6913111.5976.1	NC_027401.1	97.046	237	7	0	1	237	812	576	4.51e-110	399
ERR6913111.5976.1	NC_018841.1	97.046	237	7	0	1	237	818	582	4.51e-110	399
ERR6913111.5976.1	NC_031005.2	96.624	237	8	0	1	237	818	582	2.10e-108	394
ERR6913111.5976.1	NC_027621.1	96.624	237	8	0	1	237	818	582	2.10e-108	394
ERR6913111.5976.1	NC_027626.1	96.624	237	8	0	1	237	813	577	2.10e-108	394
ERR6913111.5976.1	NC_027405.1	96.624	237	8	0	1	237	818	582	2.10e-108	394
ERR6913111.5976.1	NC_027370.1	96.624	237	8	0	1	237	813	577	2.10e-108	394
ERR6913111.5976.1	NC_027403.1	96.624	237	8	0	1	237	818	582	2.10e-108	394
ERR6913111.5976.1	NC_027400.1	96.624	237	8	0	1	237	818	582	2.10e-108	394
ERR6913111.5976.1	NC_027392.1	96.624	237	8	0	1	237	818	582	2.10e-108	394
ERR6913111.5976.1	NC_027357.1	96.624	237	8	0	1	237	818	582	2.10e-108	394
ERR6913111.5976.1	NC_018839.1	96.624	237	8	0	1	237	818	582	2.10e-108	394
ERR6913111.5976.1	NC_027620.1	96.203	237	9	0	1	237	818	582	9.77e-107	388
ERR6913111.5976.1	NC_027622.1	96.203	237	9	0	1	237	819	583	9.77e-107	388
ERR6913111.5976.1	NC_022342.1	96.203	237	9	0	1	237	818	582	9.77e-107	388
ERR6913111.5976.1	NC_018842.1	96.203	237	9	0	1	237	818	582	9.77e-107	388
ERR6913111.5976.1	NC_018834.1	96.203	237	9	0	1	237	813	577	9.77e-107	388
ERR6913111.5976.1	NC_018838.1	96.203	237	9	0	1	237	823	587	9.77e-107	388
ERR6913111.5976.1	NC_018845.1	96.203	237	9	0	1	237	818	582	9.77e-107	388
ERR6913111.5976.1	NC_028694.1	95.781	237	10	0	1	237	813	577	4.55e-105	383
ERR6913111.5976.1	NC_027628.1	95.781	237	10	0	1	237	818	582	4.55e-105	383
ERR6913111.5976.1	NC_027623.2	95.781	237	10	0	1	237	813	577	4.55e-105	383
ERR6913111.5976.1	NC_027373.1	95.781	237	10	0	1	237	812	576	4.55e-105	383
ERR6913111.5976.1	NC_041956.1	95.781	237	10	0	1	237	813	577	4.55e-105	383
ERR6913111.5976.1	NC_031003.1	95.359	237	11	0	1	237	818	582	2.11e-103	377
ERR6913111.5976.1	NC_031084.1	95.359	237	11	0	1	237	813	577	2.11e-103	377
ERR6913111.5976.1	NC_027371.1	95.359	237	11	0	1	237	28887	29123	2.11e-103	377
ERR6913111.5976.1	NC_041954.1	95.359	237	11	0	1	237	818	582	2.11e-103	377
ERR6913111.5976.1	NC_027295.1	95.378	238	9	2	1	237	817	581	2.11e-103	377
ERR6913111.5976.1	NC_027385.1	95.359	237	11	0	1	237	818	582	2.11e-103	377
ERR6913111.5976.1	NC_041955.1	95.359	237	11	0	1	237	818	582	2.11e-103	377
ERR6913111.5976.1	NC_022337.1	95.359	237	11	0	1	237	813	577	2.11e-103	377
ERR6913111.5976.1	NC_018847.1	94.937	237	12	0	1	237	825	589	9.84e-102	372
ERR6913111.5976.1	NC_022338.1	94.093	237	14	0	1	237	813	577	2.13e-98	361
ERR6913111.5976.1	NC_027386.1	93.671	237	15	0	1	237	813	577	9.91e-97	355
ERR6913111.5976.1	NC_027333.1	94.298	228	13	0	10	237	804	577	4.61e-95	350
ERR6913111.5976.1	NC_027346.1	92.405	237	18	0	1	237	812	576	9.98e-92	339
ERR6913111.6021.1	NC_018840.1	97.931	145	3	0	1	145	4486	4342	7.54e-66	252
ERR6913111.6021.1	NC_018841.1	97.931	145	3	0	1	145	4486	4342	7.54e-66	252
ERR6913111.6021.1	NC_028967.1	97.241	145	4	0	1	145	4481	4337	3.51e-64	246
ERR6913111.6021.1	NC_031003.1	97.241	145	4	0	1	145	4486	4342	3.51e-64	246
ERR6913111.6021.1	NC_018834.1	95.862	145	6	0	1	145	4481	4337	7.60e-61	235
ERR6913111.6021.1	NC_027626.1	94.483	145	8	0	1	145	4488	4344	1.64e-57	224
ERR6913111.6021.1	NC_027620.1	94.483	145	8	0	1	145	4492	4348	1.64e-57	224
ERR6913111.6021.1	NC_027405.1	94.483	145	8	0	1	145	4495	4351	1.64e-57	224
ERR6913111.6021.1	NC_027403.1	94.483	145	8	0	1	145	4495	4351	1.64e-57	224
ERR6913111.6021.1	NC_027400.1	94.483	145	8	0	1	145	4495	4351	1.64e-57	224
ERR6913111.6021.1	NC_027392.1	94.483	145	8	0	1	145	4495	4351	1.64e-57	224
ERR6913111.6021.1	NC_027385.1	94.483	145	8	0	1	145	4486	4342	1.64e-57	224
ERR6913111.6021.1	NC_027357.1	94.483	145	8	0	1	145	4486	4342	1.64e-57	224
ERR6913111.6021.1	NC_027630.1	93.103	145	10	0	1	145	4496	4352	3.56e-54	213
ERR6913111.6021.1	NC_022334.1	93.103	145	10	0	1	145	4493	4349	3.56e-54	213
ERR6913111.6021.1	NC_027380.1	92.414	145	11	0	1	145	4483	4339	1.66e-52	207
ERR6913111.6021.1	NC_022335.1	92.414	145	11	0	1	145	4483	4339	1.66e-52	207
ERR6913111.6021.1	NC_027361.1	92.414	145	11	0	1	145	4487	4343	1.66e-52	207
ERR6913111.6021.1	NC_022339.1	92.414	145	11	0	1	145	4487	4343	1.66e-52	207
ERR6913111.6021.1	NC_031119.1	91.724	145	12	0	1	145	4484	4340	7.70e-51	202
ERR6913111.6021.1	NC_027621.1	91.724	145	12	0	1	145	4493	4349	7.70e-51	202
ERR6913111.6021.1	NC_027629.1	91.724	145	12	0	1	145	4493	4349	7.70e-51	202
ERR6913111.6021.1	NC_018849.1	91.724	145	12	0	1	145	4478	4334	7.70e-51	202
ERR6913111.6021.1	NC_027371.1	91.034	145	13	0	1	145	25225	25369	3.58e-49	196
ERR6913111.6021.1	NC_027354.1	91.034	145	13	0	1	145	4477	4333	3.58e-49	196
ERR6913111.6021.1	NC_027625.1	90.345	145	14	0	1	145	4490	4346	1.67e-47	191
ERR6913111.6021.1	NC_027362.1	90.345	145	14	0	1	145	4498	4354	1.67e-47	191
ERR6913111.6021.1	NC_009541.1	92.800	125	9	0	21	145	4473	4349	1.00e-44	182
ERR6913111.6021.1	NC_041957.1	92.920	113	8	0	33	145	4450	4338	1.01e-39	165
ERR6913111.6021.1	NC_022336.1	92.920	113	8	0	33	145	4450	4338	1.01e-39	165
ERR6913111.6021.1	NC_027347.1	92.920	113	8	0	33	145	4450	4338	1.01e-39	165
ERR6913111.7792.1	NC_018834.1	97.328	262	7	0	1	262	7384	7645	6.37e-124	446
ERR6913111.7792.1	NC_028694.1	95.038	262	13	0	1	262	7393	7654	6.46e-114	412
ERR6913111.7792.1	NC_027380.1	94.656	262	14	0	1	262	7385	7646	3.00e-112	407
ERR6913111.7792.1	NC_022335.1	94.656	262	14	0	1	262	7385	7646	3.00e-112	407
ERR6913111.7792.1	NC_018839.1	94.656	262	14	0	1	262	7392	7653	3.00e-112	407
ERR6913111.7792.1	NC_015453.1	94.677	263	12	2	1	262	7389	7650	3.00e-112	407
ERR6913111.7792.1	NC_018852.1	94.677	263	12	2	1	262	7385	7646	3.00e-112	407
ERR6913111.7792.1	NC_018845.1	94.677	263	12	2	1	262	7389	7650	3.00e-112	407
ERR6913111.7792.1	NC_018841.1	94.677	263	12	2	1	262	7392	7653	3.00e-112	407
ERR6913111.7792.1	NC_028967.1	94.297	263	13	2	1	262	7387	7648	1.40e-110	401
ERR6913111.7792.1	NC_027626.1	94.275	262	15	0	1	262	7397	7658	1.40e-110	401
ERR6913111.7792.1	NC_027401.1	94.297	263	13	2	1	262	7397	7658	1.40e-110	401
ERR6913111.7792.1	NC_018840.1	94.297	263	13	2	1	262	7388	7649	1.40e-110	401
ERR6913111.7792.1	NC_027623.2	93.893	262	16	0	1	262	7384	7645	6.50e-109	396
ERR6913111.7792.1	NC_027389.1	93.893	262	16	0	1	262	7403	7664	6.50e-109	396
ERR6913111.7792.1	NC_031003.1	93.536	263	15	2	1	262	7408	7669	3.03e-107	390
ERR6913111.7792.1	NC_027376.1	93.536	263	15	2	1	262	7388	7649	3.03e-107	390
ERR6913111.7792.1	NC_027294.1	93.536	263	15	2	1	262	7387	7648	3.03e-107	390
ERR6913111.7792.1	NC_022334.1	93.511	262	17	0	1	262	7392	7653	3.03e-107	390
ERR6913111.7792.1	NC_022338.1	93.130	262	18	0	1	262	7379	7640	1.41e-105	385
ERR6913111.7792.1	NC_027367.1	92.776	263	17	2	1	262	7379	7640	6.55e-104	379
ERR6913111.7792.1	NC_022337.1	92.748	262	19	0	1	262	7387	7648	6.55e-104	379
ERR6913111.7792.1	NC_027391.1	92.776	263	17	2	1	262	7405	7666	6.55e-104	379
ERR6913111.7792.1	NC_018842.1	92.776	263	17	2	1	262	7392	7653	6.55e-104	379
ERR6913111.7792.1	NC_022342.1	92.395	263	18	2	1	262	7396	7657	3.05e-102	374
ERR6913111.7792.1	NC_027354.1	91.985	262	21	0	1	262	7372	7633	1.42e-100	368
ERR6913111.7792.1	NC_027627.1	91.603	262	22	0	1	262	7391	7652	6.59e-99	363
ERR6913111.7792.1	NC_027624.1	91.635	263	20	2	1	262	7414	7675	6.59e-99	363
ERR6913111.7792.1	NC_041954.1	91.635	263	20	2	1	262	7398	7659	6.59e-99	363
ERR6913111.7792.1	NC_027385.1	91.603	262	22	0	1	262	7391	7652	6.59e-99	363
ERR6913111.7792.1	NC_022341.1	91.603	262	22	0	1	262	7400	7661	6.59e-99	363
ERR6913111.7792.1	NC_018849.1	91.603	262	22	0	1	262	7380	7641	6.59e-99	363
ERR6913111.7792.1	NC_027622.1	91.255	263	21	2	1	262	7387	7648	3.07e-97	357
ERR6913111.7792.1	NC_027373.1	91.221	262	23	0	1	262	7386	7647	3.07e-97	357
ERR6913111.7792.1	NC_027357.1	91.221	262	23	0	1	262	7387	7648	3.07e-97	357
ERR6913111.7792.1	NC_041956.1	91.221	262	23	0	1	262	7387	7648	3.07e-97	357
ERR6913111.7792.1	NC_031119.1	90.840	262	24	0	1	262	7389	7650	1.43e-95	351
ERR6913111.7792.1	NC_027629.1	90.840	262	24	0	1	262	7391	7652	1.43e-95	351
ERR6913111.7792.1	NC_027333.1	90.840	262	24	0	1	262	7385	7646	1.43e-95	351
ERR6913111.7792.1	NC_031084.1	90.458	262	25	0	1	262	7388	7649	6.64e-94	346
ERR6913111.7792.1	NC_027405.1	90.494	263	23	2	1	262	7394	7655	6.64e-94	346
ERR6913111.7792.1	NC_027403.1	90.494	263	23	2	1	262	7394	7655	6.64e-94	346
ERR6913111.7792.1	NC_027400.1	90.494	263	23	2	1	262	7394	7655	6.64e-94	346
ERR6913111.7792.1	NC_027362.1	90.458	262	25	0	1	262	7397	7658	6.64e-94	346
ERR6913111.7792.1	NC_027392.1	90.494	263	23	2	1	262	7394	7655	6.64e-94	346
ERR6913111.7792.1	NC_027336.1	90.458	262	25	0	1	262	7393	7654	6.64e-94	346
ERR6913111.7792.1	NC_018851.1	90.458	262	25	0	1	262	7390	7651	6.64e-94	346
ERR6913111.7792.1	NC_027370.1	90.114	263	24	2	1	262	7395	7656	3.09e-92	340
ERR6913111.7792.1	NC_027361.1	90.114	263	24	2	1	262	7389	7650	3.09e-92	340
ERR6913111.7792.1	NC_015454.1	90.114	263	24	2	1	262	7392	7653	3.09e-92	340
ERR6913111.7792.1	NC_009541.1	90.114	263	24	2	1	262	7400	7661	3.09e-92	340
ERR6913111.7792.1	NC_022339.1	90.114	263	24	2	1	262	7389	7650	3.09e-92	340
ERR6913111.7792.1	NC_018838.1	90.076	262	26	0	1	262	7400	7661	3.09e-92	340
ERR6913111.8246.1	NC_007057.1	100.000	63	0	0	1	63	7941	7879	9.41e-26	117
ERR6913111.8246.1	NC_007058.1	100.000	63	0	0	1	63	8666	8604	9.41e-26	117
ERR6913111.8246.1	NC_008799.1	100.000	63	0	0	1	63	24937	24875	9.41e-26	117
ERR6913111.8246.1	NC_028669.1	100.000	63	0	0	1	63	24957	24895	9.41e-26	117
ERR6913111.8246.1	NC_028864.1	100.000	63	0	0	1	63	25111	25049	9.41e-26	117
ERR6913111.8246.1	NC_054979.1	100.000	63	0	0	1	63	24764	24702	9.41e-26	117
ERR6913111.8246.1	NC_028859.1	100.000	63	0	0	1	63	24538	24476	9.41e-26	117
ERR6913111.8246.1	NC_028917.1	96.825	63	2	0	1	63	15315	15377	2.04e-22	106
ERR6913111.11953.1	NC_027621.1	100.000	102	0	0	1	102	8142	8243	3.88e-47	189
ERR6913111.11953.1	NC_027629.1	100.000	102	0	0	1	102	8113	8214	3.88e-47	189
ERR6913111.11953.1	NC_027361.1	100.000	102	0	0	1	102	8129	8230	3.88e-47	189
ERR6913111.11953.1	NC_022341.1	100.000	102	0	0	1	102	8138	8239	3.88e-47	189
ERR6913111.11953.1	NC_022339.1	100.000	102	0	0	1	102	8129	8230	3.88e-47	189
ERR6913111.11953.1	NC_027354.1	99.020	102	1	0	1	102	8102	8203	1.81e-45	183
ERR6913111.11953.1	NC_027386.1	99.020	102	1	0	1	102	8113	8214	1.81e-45	183
ERR6913111.11953.1	NC_027346.1	99.020	102	1	0	1	102	8126	8227	1.81e-45	183
ERR6913111.11953.1	NC_022340.1	99.020	102	1	0	1	102	8116	8217	1.81e-45	183
ERR6913111.11953.1	NC_027389.1	99.020	102	1	0	1	102	8127	8228	1.81e-45	183
ERR6913111.11953.1	NC_018834.1	99.020	102	1	0	1	102	8113	8214	1.81e-45	183
ERR6913111.11953.1	NC_018845.1	99.020	102	1	0	1	102	8106	8207	1.81e-45	183
ERR6913111.11953.1	NC_028967.1	98.039	102	2	0	1	102	8114	8215	8.40e-44	178
ERR6913111.11953.1	NC_031003.1	98.039	102	2	0	1	102	8151	8252	8.40e-44	178
ERR6913111.11953.1	NC_031119.1	98.039	102	2	0	1	102	8108	8209	8.40e-44	178
ERR6913111.11953.1	NC_027620.1	98.039	102	2	0	1	102	8163	8264	8.40e-44	178
ERR6913111.11953.1	NC_027624.1	98.039	102	2	0	1	102	8157	8258	8.40e-44	178
ERR6913111.11953.1	NC_027405.1	98.039	102	2	0	1	102	8137	8238	8.40e-44	178
ERR6913111.11953.1	NC_027403.1	98.039	102	2	0	1	102	8137	8238	8.40e-44	178
ERR6913111.11953.1	NC_027400.1	98.039	102	2	0	1	102	8137	8238	8.40e-44	178
ERR6913111.11953.1	NC_027367.1	98.039	102	2	0	1	102	8106	8207	8.40e-44	178
ERR6913111.11953.1	NC_027392.1	98.039	102	2	0	1	102	8137	8238	8.40e-44	178
ERR6913111.11953.1	NC_041955.1	98.039	102	2	0	1	102	8151	8252	8.40e-44	178
ERR6913111.11953.1	NC_022337.1	98.039	102	2	0	1	102	8124	8225	8.40e-44	178
ERR6913111.11953.1	NC_027391.1	98.039	102	2	0	1	102	8157	8258	8.40e-44	178
ERR6913111.11953.1	NC_027357.1	98.039	102	2	0	1	102	8137	8238	8.40e-44	178
ERR6913111.11953.1	NC_022338.1	98.039	102	2	0	1	102	8129	8230	8.40e-44	178
ERR6913111.11953.1	NC_018842.1	98.039	102	2	0	1	102	8120	8221	8.40e-44	178
ERR6913111.11953.1	NC_009541.1	98.039	102	2	0	1	102	8140	8241	8.40e-44	178
ERR6913111.11953.1	NC_015453.1	98.039	102	2	0	1	102	8125	8226	8.40e-44	178
ERR6913111.11953.1	NC_018840.1	98.039	102	2	0	1	102	8127	8228	8.40e-44	178
ERR6913111.11953.1	NC_018841.1	98.039	102	2	0	1	102	8135	8236	8.40e-44	178
ERR6913111.11953.1	NC_022334.1	97.059	102	3	0	1	102	8110	8211	3.91e-42	172
ERR6913111.11953.1	NC_018849.1	97.059	102	3	0	1	102	8108	8209	3.91e-42	172
ERR6913111.11953.1	NC_027373.1	96.078	102	4	0	1	102	8106	8207	1.82e-40	167
ERR6913111.11953.1	NC_041956.1	96.078	102	4	0	1	102	8107	8208	1.82e-40	167
ERR6913111.11953.1	NC_027623.2	95.098	102	5	0	1	102	8107	8208	8.46e-39	161
ERR6913111.11953.1	NC_027336.1	97.849	93	2	0	1	93	8132	8224	8.46e-39	161
ERR6913111.11953.1	NC_027622.1	98.000	50	1	0	1	50	8124	8173	1.46e-16	87.9
ERR6913111.11953.1	NC_027376.1	98.000	50	1	0	1	50	8116	8165	1.46e-16	87.9
ERR6913111.11953.1	NC_027294.1	98.000	50	1	0	1	50	8115	8164	1.46e-16	87.9
ERR6913111.11953.1	NC_027628.1	98.000	50	1	0	1	50	8120	8169	1.46e-16	87.9
ERR6913111.11953.1	NC_027362.1	98.000	50	1	0	1	50	8127	8176	1.46e-16	87.9
ERR6913111.11953.1	NC_015454.1	98.000	50	1	0	1	50	8116	8165	1.46e-16	87.9
ERR6913111.11953.1	NC_018838.1	98.000	50	1	0	1	50	8121	8170	1.46e-16	87.9
ERR6913111.13321.1	NC_048836.1	94.915	59	3	0	1	59	3127	3069	2.40e-18	93.5
ERR6913111.13321.1	NC_048840.1	94.915	59	3	0	1	59	3128	3070	2.40e-18	93.5
ERR6913111.13321.1	NC_048835.1	94.915	59	3	0	1	59	3127	3069	2.40e-18	93.5
ERR6913111.13321.1	NC_048839.1	94.915	59	3	0	1	59	2738	2680	2.40e-18	93.5
ERR6913111.13538.1	NC_021332.1	100.000	99	0	0	1	99	18874	18972	1.74e-45	183
ERR6913111.13538.1	NC_007057.1	98.990	99	1	0	1	99	2629	2727	8.07e-44	178
ERR6913111.13538.1	NC_028917.1	98.990	99	1	0	1	99	20405	20307	8.07e-44	178
ERR6913111.13538.1	NC_008799.1	98.990	99	1	0	1	99	19625	19723	8.07e-44	178
ERR6913111.13538.1	NC_028669.1	98.990	99	1	0	1	99	19645	19743	8.07e-44	178
ERR6913111.13538.1	NC_028864.1	98.990	99	1	0	1	99	19799	19897	8.07e-44	178
ERR6913111.13538.1	NC_054979.1	98.990	99	1	0	1	99	19676	19774	8.07e-44	178
ERR6913111.13538.1	NC_028859.1	98.990	99	1	0	1	99	19450	19548	8.07e-44	178
ERR6913111.13538.1	NC_024391.1	94.949	99	5	0	1	99	17513	17611	3.78e-37	156
ERR6913111.13538.1	NC_054982.1	93.939	99	6	0	1	99	25816	25718	1.76e-35	150
