ERR6913108.1664.1	NC_030946.1	93.827	81	5	0	2	82	23973	23893	7.93e-27	122
ERR6913108.1664.1	NC_070928.1	93.671	79	5	0	2	80	8313	8391	1.03e-25	119
ERR6913108.1664.1	NC_070927.1	92.754	69	5	0	2	70	8158	8226	3.72e-20	100
ERR6913108.1664.1	NC_070929.1	92.754	69	5	0	2	70	8064	8132	3.72e-20	100
ERR6913108.1664.1	NC_070924.1	92.754	69	5	0	2	70	8732	8800	3.72e-20	100
ERR6913108.1664.1	NC_070925.1	92.754	69	5	0	2	70	8072	8140	3.72e-20	100
ERR6913108.1664.1	NC_070923.1	92.754	69	5	0	2	70	8813	8881	3.72e-20	100
ERR6913108.1864.1	NC_011589.1	91.935	62	5	0	57	118	4317	4378	2.53e-16	87.9
ERR6913108.3141.1	NC_048842.1	95.833	168	7	0	81	248	2828	2661	1.08e-71	272
ERR6913108.3141.1	NC_048833.1	95.833	168	7	0	81	248	2828	2661	1.08e-71	272
ERR6913108.4983.1	NC_048837.1	97.826	46	1	0	1	46	3253	3298	3.83e-14	80.5
ERR6913108.4983.1	NC_048831.1	97.826	46	1	0	1	46	5246	5291	3.83e-14	80.5
ERR6913108.4983.1	NC_048844.1	97.826	46	1	0	1	46	3683	3728	3.83e-14	80.5
ERR6913108.5832.1	NC_048842.1	95.545	202	9	0	1	202	2802	2601	2.99e-87	324
ERR6913108.5832.1	NC_048833.1	95.545	202	9	0	1	202	2802	2601	2.99e-87	324
ERR6913108.5832.1	NC_048831.1	94.444	108	6	0	95	202	4305	4198	5.34e-40	167
ERR6913108.6132.1	NC_048841.1	92.208	77	4	2	3	77	2828	2904	1.71e-22	108
ERR6913108.6132.1	NC_048831.1	93.548	62	3	1	13	74	4369	4429	1.73e-17	91.6
ERR6913108.8401.1	NC_031912.1	100.000	115	0	0	1	115	9213	9327	2.69e-54	213
ERR6913108.8401.1	NC_031931.1	100.000	115	0	0	1	115	9298	9412	2.69e-54	213
ERR6913108.8401.1	NC_041872.1	100.000	115	0	0	1	115	8348	8462	2.69e-54	213
ERR6913108.8401.1	NC_031904.1	100.000	115	0	0	1	115	8407	8521	2.69e-54	213
ERR6913108.8401.1	NC_031914.1	100.000	115	0	0	1	115	9323	9437	2.69e-54	213
ERR6913108.15358.1	NC_011344.1	100.000	77	0	0	1	77	36458	36534	2.07e-33	143
ERR6913108.15358.1	NC_007054.1	100.000	77	0	0	1	77	15683	15759	2.07e-33	143
ERR6913108.15358.1	NC_009762.3	100.000	77	0	0	1	77	38941	39017	2.07e-33	143
ERR6913108.15358.1	NC_055049.1	100.000	77	0	0	1	77	35246	35322	2.07e-33	143
ERR6913108.15358.1	NC_007052.1	100.000	77	0	0	1	77	15682	15758	2.07e-33	143
ERR6913108.15358.1	NC_055045.1	100.000	77	0	0	1	77	35210	35286	2.07e-33	143
ERR6913108.15358.1	NC_021323.1	100.000	77	0	0	1	77	35265	35341	2.07e-33	143
ERR6913108.15358.1	NC_055043.1	100.000	77	0	0	1	77	35629	35705	2.07e-33	143
ERR6913108.15358.1	NC_004616.1	100.000	77	0	0	1	77	36225	36301	2.07e-33	143
ERR6913108.15358.1	NC_002661.2	100.000	77	0	0	1	77	32428	32504	2.07e-33	143
ERR6913108.15358.1	NC_022758.1	100.000	77	0	0	1	77	15693	15769	2.07e-33	143
ERR6913108.15358.1	NC_055046.1	100.000	77	0	0	1	77	34448	34524	2.07e-33	143
ERR6913108.15358.1	NC_055042.1	100.000	77	0	0	1	77	15682	15758	2.07e-33	143
ERR6913108.15358.1	NC_019513.1	100.000	77	0	0	1	77	29842	29766	2.07e-33	143
ERR6913108.15358.1	NC_055041.1	100.000	77	0	0	1	77	15683	15759	2.07e-33	143
ERR6913108.15358.1	NC_055038.1	100.000	77	0	0	1	77	15532	15608	2.07e-33	143
ERR6913108.15358.1	NC_055039.1	100.000	77	0	0	1	77	15692	15768	2.07e-33	143
ERR6913108.15358.1	NC_055044.1	100.000	77	0	0	1	77	5061	4985	2.07e-33	143
ERR6913108.15358.1	NC_055048.1	98.701	77	1	0	1	77	35504	35580	9.63e-32	137
ERR6913108.15358.1	NC_055047.1	97.403	77	2	0	1	77	35405	35481	4.48e-30	132
ERR6913108.15358.1	NC_055040.1	97.403	77	2	0	1	77	35339	35415	4.48e-30	132
ERR6913108.15358.1	NC_020199.1	97.403	77	2	0	1	77	36363	36439	4.48e-30	132
ERR6913108.15358.1	NC_007053.1	94.805	77	4	0	1	77	15751	15827	9.70e-27	121
ERR6913108.15358.1	NC_028862.1	93.506	77	5	0	1	77	15682	15758	4.51e-25	115
ERR6913108.15358.1	NC_011612.1	93.506	77	5	0	1	77	35633	35709	4.51e-25	115
ERR6913108.16859.1	NC_016765.1	90.000	120	12	0	94	213	37041	36922	9.56e-37	156
ERR6913108.23020.1	NC_048831.1	97.333	75	2	0	1	75	4272	4198	5.57e-29	128
ERR6913108.27641.1	NC_011344.1	100.000	126	0	0	1	126	12450	12325	2.30e-60	233
ERR6913108.27641.1	NC_055048.1	100.000	126	0	0	1	126	11295	11170	2.30e-60	233
ERR6913108.27641.1	NC_021323.1	100.000	126	0	0	1	126	11474	11349	2.30e-60	233
ERR6913108.27641.1	NC_022758.1	100.000	126	0	0	1	126	35359	35234	2.30e-60	233
ERR6913108.27641.1	NC_055042.1	100.000	126	0	0	1	126	37094	36969	2.30e-60	233
ERR6913108.27641.1	NC_019513.1	100.000	126	0	0	1	126	10432	10557	2.30e-60	233
ERR6913108.27641.1	NC_055038.1	100.000	126	0	0	1	126	35712	35587	2.30e-60	233
ERR6913108.27641.1	NC_055044.1	100.000	126	0	0	1	126	31184	31309	2.30e-60	233
ERR6913108.27641.1	NC_028862.1	99.206	126	1	0	1	126	34992	34867	1.07e-58	228
ERR6913108.27641.1	NC_011612.1	99.206	126	1	0	1	126	10353	10228	1.07e-58	228
ERR6913108.27641.1	NC_007053.1	98.400	125	2	0	1	125	34618	34494	1.79e-56	220
ERR6913108.27641.1	NC_009762.3	98.400	125	2	0	1	125	13401	13277	1.79e-56	220
ERR6913108.27641.1	NC_055040.1	98.400	125	2	0	1	125	11611	11487	1.79e-56	220
ERR6913108.27641.1	NC_020199.1	98.400	125	2	0	1	125	12133	12009	1.79e-56	220
ERR6913108.27641.1	NC_007054.1	97.619	126	3	0	1	126	35519	35394	2.31e-55	217
ERR6913108.27641.1	NC_055049.1	97.619	126	3	0	1	126	10995	10870	2.31e-55	217
ERR6913108.27641.1	NC_055045.1	97.619	126	3	0	1	126	11333	11208	2.31e-55	217
ERR6913108.27641.1	NC_004616.1	97.619	126	3	0	1	126	11272	11147	2.31e-55	217
ERR6913108.27512.1	NC_048831.1	94.382	89	5	0	1	89	4280	4192	3.57e-31	137
ERR6913108.29343.1	NC_048831.1	90.000	60	5	1	3	61	2805	2864	7.94e-13	76.8
ERR6913108.29343.1	NC_048836.1	92.453	53	4	0	5	57	3127	3179	7.94e-13	76.8
ERR6913108.29343.1	NC_048840.1	92.453	53	4	0	5	57	3128	3180	7.94e-13	76.8
ERR6913108.29343.1	NC_048835.1	92.453	53	4	0	5	57	3127	3179	7.94e-13	76.8
ERR6913108.29343.1	NC_048839.1	92.453	53	4	0	5	57	2738	2790	7.94e-13	76.8
ERR6913108.29343.1	NC_048837.1	90.909	55	2	3	3	55	2393	2446	3.70e-11	71.3
ERR6913108.29662.1	NC_048831.1	96.491	114	1	1	90	200	3616	3729	1.13e-45	185
ERR6913108.29662.1	NC_048831.1	95.833	96	4	0	1	96	5196	5291	8.90e-37	156
ERR6913108.29662.1	NC_048842.1	95.370	108	5	0	93	200	2037	2144	8.83e-42	172
ERR6913108.29662.1	NC_048833.1	95.370	108	5	0	93	200	2037	2144	8.83e-42	172
ERR6913108.29662.1	NC_048837.1	95.833	96	4	0	1	96	3203	3298	8.90e-37	156
ERR6913108.29662.1	NC_048844.1	95.833	96	4	0	1	96	3633	3728	8.90e-37	156
ERR6913108.36878.1	NC_013059.1	94.595	74	4	0	1	74	27978	28051	4.34e-25	115
ERR6913108.36878.1	NC_013059.1	93.243	74	5	0	1	74	27948	28021	2.02e-23	110
ERR6913108.36878.1	NC_048188.1	92.857	70	5	0	1	70	26721	26652	3.38e-21	102
ERR6913108.36878.1	NC_048188.1	92.593	54	4	0	17	70	26810	26757	5.69e-14	78.7
ERR6913108.36878.1	NC_048187.1	92.857	70	5	0	1	70	26802	26733	3.38e-21	102
ERR6913108.36878.1	NC_048187.1	92.593	54	4	0	17	70	26891	26838	5.69e-14	78.7
ERR6913108.36878.1	NC_048189.1	92.857	70	5	0	1	70	26116	26047	3.38e-21	102
ERR6913108.36878.1	NC_048189.1	94.444	54	3	0	17	70	26205	26152	1.22e-15	84.2
ERR6913108.36878.1	NC_048191.1	92.593	54	4	0	17	70	26145	26092	5.69e-14	78.7
ERR6913108.36879.1	NC_013059.1	94.595	74	4	0	1	74	27978	28051	4.34e-25	115
ERR6913108.36879.1	NC_013059.1	93.243	74	5	0	1	74	27948	28021	2.02e-23	110
ERR6913108.36879.1	NC_048188.1	92.857	70	5	0	1	70	26721	26652	3.38e-21	102
ERR6913108.36879.1	NC_048188.1	92.593	54	4	0	17	70	26810	26757	5.69e-14	78.7
ERR6913108.36879.1	NC_048187.1	92.857	70	5	0	1	70	26802	26733	3.38e-21	102
ERR6913108.36879.1	NC_048187.1	92.593	54	4	0	17	70	26891	26838	5.69e-14	78.7
ERR6913108.36879.1	NC_048189.1	92.857	70	5	0	1	70	26116	26047	3.38e-21	102
ERR6913108.36879.1	NC_048189.1	94.444	54	3	0	17	70	26205	26152	1.22e-15	84.2
ERR6913108.36879.1	NC_048191.1	92.593	54	4	0	17	70	26145	26092	5.69e-14	78.7
ERR6913108.37051.1	NC_048842.1	98.246	57	1	0	1	57	2681	2737	8.02e-21	100
ERR6913108.37051.1	NC_048833.1	98.246	57	1	0	1	57	2681	2737	8.02e-21	100
ERR6913108.37977.1	NC_013643.1	90.909	55	5	0	7	61	8168	8114	7.51e-13	75.0
ERR6913108.37977.1	NC_013646.1	90.909	55	5	0	7	61	8192	8138	7.51e-13	75.0
ERR6913108.37977.1	NC_013648.1	90.909	55	5	0	7	61	8683	8629	7.51e-13	75.0
ERR6913108.37977.1	NC_028783.1	95.455	44	2	0	7	50	32444	32401	9.72e-12	71.3
ERR6913108.38781.1	NC_048842.1	92.241	116	6	2	45	160	2037	2149	1.47e-38	161
ERR6913108.38781.1	NC_048833.1	92.241	116	6	2	45	160	2037	2149	1.47e-38	161
ERR6913108.38781.1	NC_048831.1	90.756	119	9	2	43	160	3617	3734	1.90e-37	158
ERR6913108.42270.1	NC_012697.1	97.727	44	1	0	2	45	37834	37877	4.30e-13	76.8
ERR6913108.42270.1	NC_049435.1	97.727	44	1	0	2	45	37767	37810	4.30e-13	76.8
ERR6913108.42273.1	NC_012697.1	97.727	44	1	0	2	45	37834	37877	4.30e-13	76.8
ERR6913108.42273.1	NC_049435.1	97.727	44	1	0	2	45	37767	37810	4.30e-13	76.8
ERR6913108.44106.1	NC_009763.3	100.000	114	0	0	1	114	37853	37740	9.57e-54	211
ERR6913108.44106.1	NC_004740.1	100.000	114	0	0	1	114	39255	39142	9.57e-54	211
ERR6913108.44106.1	NC_007047.1	100.000	114	0	0	1	114	20898	20785	9.57e-54	211
ERR6913108.44106.1	NC_048644.1	100.000	114	0	0	1	114	5126	5239	9.57e-54	211
ERR6913108.44106.1	NC_048644.1	100.000	52	0	0	40	91	29623	29674	2.80e-19	97.1
ERR6913108.44106.1	NC_021773.2	100.000	114	0	0	1	114	5747	5634	9.57e-54	211
ERR6913108.44106.1	NC_048711.1	100.000	114	0	0	1	114	38946	38833	9.57e-54	211
ERR6913108.44106.1	NC_004617.1	100.000	114	0	0	1	114	37769	37656	9.57e-54	211
ERR6913108.44106.1	NC_054976.1	100.000	114	0	0	1	114	3538	3425	9.57e-54	211
ERR6913108.44106.1	NC_014460.1	100.000	114	0	0	1	114	22237	22124	9.57e-54	211
ERR6913108.44106.1	NC_028775.1	100.000	114	0	0	1	114	22824	22937	9.57e-54	211
ERR6913108.44106.1	NC_048635.1	100.000	114	0	0	1	114	21254	21141	9.57e-54	211
ERR6913108.44106.1	NC_048634.1	100.000	114	0	0	1	114	20119	20006	9.57e-54	211
ERR6913108.44106.1	NC_013195.1	100.000	114	0	0	1	114	38863	38750	9.57e-54	211
ERR6913108.44106.1	NC_026016.1	100.000	114	0	0	1	114	4120	4233	9.57e-54	211
ERR6913108.44106.1	NC_008617.1	100.000	114	0	0	1	114	39095	38982	9.57e-54	211
ERR6913108.44106.1	NC_048713.1	100.000	114	0	0	1	114	38498	38385	9.57e-54	211
ERR6913108.44106.1	NC_048710.1	100.000	114	0	0	1	114	39266	39153	9.57e-54	211
ERR6913108.44106.1	NC_048657.1	100.000	114	0	0	1	114	38568	38455	9.57e-54	211
ERR6913108.44106.1	NC_002486.1	99.123	114	1	0	1	114	39423	39310	4.45e-52	206
ERR6913108.44106.1	NC_007052.1	99.123	114	1	0	1	114	22772	22659	4.45e-52	206
ERR6913108.47157.1	NC_041872.1	100.000	76	0	0	1	76	78949	79024	9.88e-33	141
ERR6913108.47157.1	NC_031904.1	100.000	76	0	0	1	76	79008	79083	9.88e-33	141
ERR6913108.49098.1	NC_074583.1	100.000	38	0	0	1	38	144	107	2.02e-11	71.3
ERR6913108.49114.1	NC_074583.1	100.000	38	0	0	1	38	144	107	2.02e-11	71.3
ERR6913108.50238.1	NC_007053.1	100.000	92	0	0	1	92	6824	6915	1.22e-41	171
ERR6913108.50238.1	NC_011344.1	100.000	92	0	0	1	92	27530	27621	1.22e-41	171
ERR6913108.50238.1	NC_007054.1	100.000	92	0	0	1	92	6755	6846	1.22e-41	171
ERR6913108.50238.1	NC_028862.1	100.000	92	0	0	1	92	6754	6845	1.22e-41	171
ERR6913108.50238.1	NC_055047.1	100.000	92	0	0	1	92	26501	26592	1.22e-41	171
ERR6913108.50238.1	NC_009762.3	100.000	92	0	0	1	92	30014	30105	1.22e-41	171
ERR6913108.50238.1	NC_055049.1	100.000	92	0	0	1	92	26318	26409	1.22e-41	171
ERR6913108.50238.1	NC_007052.1	100.000	92	0	0	1	92	6754	6845	1.22e-41	171
ERR6913108.50238.1	NC_055048.1	100.000	92	0	0	1	92	26576	26667	1.22e-41	171
ERR6913108.50238.1	NC_055045.1	100.000	92	0	0	1	92	26282	26373	1.22e-41	171
ERR6913108.50238.1	NC_021323.1	100.000	92	0	0	1	92	26337	26428	1.22e-41	171
ERR6913108.50238.1	NC_055043.1	100.000	92	0	0	1	92	26701	26792	1.22e-41	171
ERR6913108.50238.1	NC_004616.1	100.000	92	0	0	1	92	27297	27388	1.22e-41	171
ERR6913108.50238.1	NC_002661.2	100.000	92	0	0	1	92	23496	23587	1.22e-41	171
ERR6913108.50238.1	NC_022758.1	100.000	92	0	0	1	92	6765	6856	1.22e-41	171
ERR6913108.50238.1	NC_055046.1	100.000	92	0	0	1	92	25520	25611	1.22e-41	171
ERR6913108.50238.1	NC_055042.1	100.000	92	0	0	1	92	6753	6844	1.22e-41	171
ERR6913108.50238.1	NC_020199.1	100.000	92	0	0	1	92	27459	27550	1.22e-41	171
ERR6913108.50238.1	NC_019513.1	100.000	92	0	0	1	92	38770	38679	1.22e-41	171
ERR6913108.50238.1	NC_055041.1	100.000	92	0	0	1	92	6755	6846	1.22e-41	171
ERR6913108.50238.1	NC_011612.1	100.000	92	0	0	1	92	26705	26796	1.22e-41	171
ERR6913108.50238.1	NC_055039.1	100.000	92	0	0	1	92	6764	6855	1.22e-41	171
ERR6913108.50238.1	NC_055044.1	100.000	92	0	0	1	92	13989	13898	1.22e-41	171
ERR6913108.50238.1	NC_055040.1	100.000	90	0	0	1	90	27208	27297	1.58e-40	167
ERR6913108.50238.1	NC_055038.1	98.913	92	1	0	1	92	6604	6695	5.69e-40	165
ERR6913108.52107.1	NC_048639.1	94.340	53	2	1	132	183	58236	58288	4.97e-14	80.5
ERR6913108.52725.1	NC_008724.1	93.750	64	4	0	25	88	84056	83993	3.77e-19	97.1
ERR6913108.53402.1	NC_029061.1	94.444	198	11	0	1	198	9454	9651	8.54e-82	305
ERR6913108.53403.1	NC_029061.1	94.444	198	11	0	1	198	9454	9651	8.54e-82	305
ERR6913108.55940.1	NC_048832.1	96.907	97	3	0	42	138	3010	3106	3.54e-39	163
ERR6913108.59167.1	NC_023699.1	95.349	43	2	0	1	43	42338	42380	5.76e-11	69.4
ERR6913108.59786.1	NC_055719.1	90.476	63	6	0	159	221	38065	38127	4.77e-15	84.2
ERR6913108.59786.1	NC_055744.1	90.476	63	6	0	159	221	137079	137017	4.77e-15	84.2
ERR6913108.63520.1	NC_004740.1	100.000	103	0	0	1	103	36932	36830	1.09e-47	191
ERR6913108.63520.1	NC_048658.1	100.000	103	0	0	1	103	33921	33819	1.09e-47	191
ERR6913108.63520.1	NC_021773.2	100.000	103	0	0	1	103	4678	4576	1.09e-47	191
ERR6913108.63520.1	NC_048711.1	100.000	103	0	0	1	103	37877	37775	1.09e-47	191
ERR6913108.63520.1	NC_048635.1	100.000	103	0	0	1	103	19073	18971	1.09e-47	191
ERR6913108.63520.1	NC_048636.1	100.000	103	0	0	1	103	19088	18986	1.09e-47	191
ERR6913108.63520.1	NC_025460.1	100.000	103	0	0	1	103	36582	36480	1.09e-47	191
ERR6913108.63520.1	NC_026016.1	100.000	103	0	0	1	103	6443	6545	1.09e-47	191
ERR6913108.63520.1	NC_048710.1	100.000	103	0	0	1	103	36943	36841	1.09e-47	191
ERR6913108.63520.1	NC_048657.1	100.000	103	0	0	1	103	37500	37398	1.09e-47	191
ERR6913108.63520.1	NC_009761.3	99.029	103	1	0	1	103	37575	37473	5.09e-46	185
ERR6913108.63520.1	NC_008689.1	99.029	103	1	0	1	103	38031	37929	5.09e-46	185
ERR6913108.63520.1	NC_012784.1	99.029	103	1	0	1	103	39356	39254	5.09e-46	185
ERR6913108.63520.1	NC_002321.1	99.029	103	1	0	1	103	19736	19634	5.09e-46	185
ERR6913108.63520.1	NC_048624.1	99.029	103	1	0	1	103	37943	37841	5.09e-46	185
ERR6913108.63520.1	NC_019921.1	99.029	103	1	0	1	103	37943	37841	5.09e-46	185
ERR6913108.63520.1	NC_048681.1	99.029	103	1	0	1	103	34232	34130	5.09e-46	185
ERR6913108.63520.1	NC_008617.1	99.029	103	1	0	1	103	36866	36764	5.09e-46	185
ERR6913108.70049.1	NC_021801.1	98.578	211	3	0	1	211	7154	6944	2.40e-102	374
ERR6913108.70049.1	NC_054977.1	98.578	211	3	0	1	211	11891	11681	2.40e-102	374
ERR6913108.70049.1	NC_054974.1	98.578	211	3	0	1	211	38525	38315	2.40e-102	374
ERR6913108.70049.1	NC_017968.1	98.104	211	4	0	1	211	41903	42113	1.12e-100	368
ERR6913108.70049.1	NC_004740.1	98.104	211	4	0	1	211	13701	13491	1.12e-100	368
ERR6913108.70049.1	NC_054980.1	98.104	211	4	0	1	211	24860	24650	1.12e-100	368
ERR6913108.70049.1	NC_028859.1	98.104	211	4	0	1	211	11285	11075	1.12e-100	368
ERR6913108.70049.1	NC_048644.1	98.104	211	4	0	1	211	30203	30413	1.12e-100	368
ERR6913108.70049.1	NC_048658.1	98.104	211	4	0	1	211	8044	7834	1.12e-100	368
ERR6913108.70049.1	NC_021773.2	98.104	211	4	0	1	211	22259	22049	1.12e-100	368
ERR6913108.70049.1	NC_048711.1	98.104	211	4	0	1	211	13507	13297	1.12e-100	368
ERR6913108.70049.1	NC_054976.1	98.104	211	4	0	1	211	17490	17280	1.12e-100	368
ERR6913108.70049.1	NC_026016.1	98.104	211	4	0	1	211	29788	29998	1.12e-100	368
ERR6913108.70049.1	NC_048713.1	98.104	211	4	0	1	211	13610	13400	1.12e-100	368
ERR6913108.70049.1	NC_009761.3	97.630	211	5	0	1	211	13169	12959	5.19e-99	363
ERR6913108.70049.1	NC_002321.1	97.630	211	5	0	1	211	36146	35936	5.19e-99	363
ERR6913108.70049.1	NC_028775.1	97.630	211	5	0	1	211	4725	4935	5.19e-99	363
ERR6913108.70049.1	NC_048681.1	97.630	211	5	0	1	211	11677	11467	5.19e-99	363
ERR6913108.70049.1	NC_023499.1	97.630	211	5	0	1	211	13463	13253	5.19e-99	363
ERR6913108.70049.1	NC_008617.1	97.630	211	5	0	1	211	13416	13206	5.19e-99	363
ERR6913108.70049.1	NC_048710.1	97.630	211	5	0	1	211	13503	13293	5.19e-99	363
ERR6913108.70049.1	NC_048657.1	97.630	211	5	0	1	211	13020	12810	5.19e-99	363
ERR6913108.73840.1	NC_048191.1	94.444	54	3	0	1	54	26098	26151	5.53e-15	84.2
ERR6913108.73840.1	NC_048188.1	94.444	54	3	0	1	54	26763	26816	5.53e-15	84.2
ERR6913108.73840.1	NC_048188.1	95.918	49	2	0	1	49	26658	26706	7.15e-14	80.5
ERR6913108.73840.1	NC_048187.1	94.444	54	3	0	1	54	26844	26897	5.53e-15	84.2
ERR6913108.73840.1	NC_048187.1	95.918	49	2	0	1	49	26739	26787	7.15e-14	80.5
ERR6913108.73840.1	NC_048189.1	94.444	54	3	0	1	54	26158	26211	5.53e-15	84.2
ERR6913108.73840.1	NC_048189.1	95.918	49	2	0	1	49	26053	26101	7.15e-14	80.5
ERR6913108.73840.1	NC_021342.2	94.118	51	3	0	1	51	41034	41084	2.57e-13	78.7
ERR6913108.73840.1	NC_021342.2	92.157	51	4	0	1	51	41064	41114	1.20e-11	73.1
ERR6913108.73840.1	NC_020082.1	94.118	51	3	0	1	51	40624	40674	2.57e-13	78.7
ERR6913108.73840.1	NC_011976.1	92.157	51	4	0	1	51	30082	30032	1.20e-11	73.1
ERR6913108.75611.1	NC_048831.1	92.941	85	6	0	1	85	3717	3801	9.80e-28	124
ERR6913108.75611.1	NC_048842.1	91.765	85	7	0	1	85	2132	2216	4.56e-26	119
ERR6913108.75611.1	NC_048833.1	91.765	85	7	0	1	85	2132	2216	4.56e-26	119
ERR6913108.79626.1	NC_016765.1	92.391	92	7	0	1	92	36952	37043	6.29e-30	132
ERR6913108.79626.1	NC_005887.1	92.135	89	7	0	1	89	31637	31725	2.93e-28	126
ERR6913108.83740.1	NC_048842.1	99.213	127	1	0	1	127	2090	2216	4.34e-59	230
ERR6913108.83740.1	NC_048833.1	99.213	127	1	0	1	127	2090	2216	4.34e-59	230
ERR6913108.83740.1	NC_048831.1	96.063	127	5	0	1	127	3675	3801	2.03e-52	207
ERR6913108.85929.1	NC_048831.1	93.590	78	5	0	46	123	4199	4276	2.34e-25	117
ERR6913108.85929.1	NC_048842.1	93.590	78	5	0	46	123	2602	2679	2.34e-25	117
ERR6913108.85929.1	NC_048833.1	93.590	78	5	0	46	123	2602	2679	2.34e-25	117
ERR6913108.87705.1	NC_054955.1	93.548	62	4	0	30	91	8224	8285	9.96e-18	93.5
ERR6913108.87883.1	NC_021924.1	95.556	45	2	0	101	145	29234	29278	6.30e-12	73.1
ERR6913108.87920.1	NC_031912.1	100.000	88	0	0	1	88	76753	76666	1.92e-39	163
ERR6913108.87920.1	NC_031931.1	100.000	88	0	0	1	88	76574	76487	1.92e-39	163
ERR6913108.87920.1	NC_041872.1	100.000	88	0	0	1	88	73922	73835	1.92e-39	163
ERR6913108.87920.1	NC_031904.1	100.000	88	0	0	1	88	73981	73894	1.92e-39	163
ERR6913108.87920.1	NC_031914.1	100.000	88	0	0	1	88	76599	76512	1.92e-39	163
ERR6913108.90358.1	NC_048836.1	95.833	72	2	1	7	77	5725	5796	5.03e-25	115
ERR6913108.90358.1	NC_048835.1	95.833	72	2	1	7	77	5725	5796	5.03e-25	115
ERR6913108.90358.1	NC_048839.1	95.833	72	2	1	7	77	5336	5407	5.03e-25	115
ERR6913108.92930.1	NC_055780.1	95.745	47	2	0	78	124	88492	88538	7.66e-13	76.8
ERR6913108.92930.1	NC_012635.1	93.750	48	3	0	77	124	71756	71709	9.90e-12	73.1
ERR6913108.92930.1	NC_027979.1	93.750	48	3	0	77	124	71756	71709	9.90e-12	73.1
ERR6913108.92930.1	NC_019505.1	93.617	47	3	0	78	124	69890	69844	3.56e-11	71.3
ERR6913108.92930.1	NC_055831.1	93.617	47	3	0	78	124	97217	97263	3.56e-11	71.3
ERR6913108.93205.1	NC_018087.3	93.878	49	2	1	70	118	76021	75974	8.42e-12	73.1
ERR6913108.93237.1	NC_018087.3	93.878	49	2	1	70	118	76021	75974	8.42e-12	73.1
ERR6913108.95223.1	NC_048842.1	98.876	89	1	0	8	96	2650	2738	2.81e-38	159
ERR6913108.95223.1	NC_048833.1	98.876	89	1	0	8	96	2650	2738	2.81e-38	159
ERR6913108.97039.1	NC_073673.1	90.625	64	4	2	111	173	48538	48476	4.55e-15	84.2
ERR6913108.97039.1	NC_073675.1	90.476	63	6	0	111	173	24980	25042	4.55e-15	84.2
ERR6913108.97416.1	NC_048837.1	91.954	87	7	0	67	153	2431	2517	6.59e-27	122
ERR6913108.97804.1	NC_009761.3	100.000	46	0	0	1	46	7308	7353	1.50e-16	86.1
ERR6913108.97804.1	NC_048658.1	100.000	46	0	0	1	46	2183	2228	1.50e-16	86.1
ERR6913108.97804.1	NC_021773.2	100.000	46	0	0	1	46	16398	16443	1.50e-16	86.1
ERR6913108.97804.1	NC_004617.1	100.000	46	0	0	1	46	6572	6617	1.50e-16	86.1
ERR6913108.97804.1	NC_048681.1	100.000	46	0	0	1	46	5816	5861	1.50e-16	86.1
ERR6913108.97804.1	NC_048713.1	100.000	46	0	0	1	46	7449	7494	1.50e-16	86.1
ERR6913108.97804.1	NC_048634.1	97.826	46	1	0	1	46	31121	31166	6.96e-15	80.5
ERR6913108.97804.1	NC_023499.1	97.826	46	1	0	1	46	7302	7347	6.96e-15	80.5
ERR6913108.97804.1	NC_008617.1	97.826	46	1	0	1	46	7255	7300	6.96e-15	80.5
ERR6913108.97804.1	NC_048710.1	97.826	46	1	0	1	46	7353	7398	6.96e-15	80.5
ERR6913108.97804.1	NC_007058.1	93.617	47	1	2	1	46	31905	31950	1.51e-11	69.4
ERR6913108.97804.1	NC_028669.1	93.617	47	1	2	1	46	5823	5868	1.51e-11	69.4
ERR6913108.97804.1	NC_028864.1	93.617	47	1	2	1	46	5823	5868	1.51e-11	69.4
ERR6913108.97804.1	NC_005356.1	93.617	47	1	2	1	46	29038	29083	1.51e-11	69.4
ERR6913108.97804.1	NC_054975.1	97.436	39	1	0	8	46	33193	33231	5.42e-11	67.6
ERR6913108.97805.1	NC_009761.3	100.000	46	0	0	1	46	7308	7353	1.50e-16	86.1
ERR6913108.97805.1	NC_048658.1	100.000	46	0	0	1	46	2183	2228	1.50e-16	86.1
ERR6913108.97805.1	NC_021773.2	100.000	46	0	0	1	46	16398	16443	1.50e-16	86.1
ERR6913108.97805.1	NC_004617.1	100.000	46	0	0	1	46	6572	6617	1.50e-16	86.1
ERR6913108.97805.1	NC_048681.1	100.000	46	0	0	1	46	5816	5861	1.50e-16	86.1
ERR6913108.97805.1	NC_048713.1	100.000	46	0	0	1	46	7449	7494	1.50e-16	86.1
ERR6913108.97805.1	NC_048634.1	97.826	46	1	0	1	46	31121	31166	6.96e-15	80.5
ERR6913108.97805.1	NC_023499.1	97.826	46	1	0	1	46	7302	7347	6.96e-15	80.5
ERR6913108.97805.1	NC_008617.1	97.826	46	1	0	1	46	7255	7300	6.96e-15	80.5
ERR6913108.97805.1	NC_048710.1	97.826	46	1	0	1	46	7353	7398	6.96e-15	80.5
ERR6913108.97805.1	NC_007058.1	93.617	47	1	2	1	46	31905	31950	1.51e-11	69.4
ERR6913108.97805.1	NC_028669.1	93.617	47	1	2	1	46	5823	5868	1.51e-11	69.4
ERR6913108.97805.1	NC_028864.1	93.617	47	1	2	1	46	5823	5868	1.51e-11	69.4
ERR6913108.97805.1	NC_005356.1	93.617	47	1	2	1	46	29038	29083	1.51e-11	69.4
ERR6913108.97805.1	NC_054975.1	97.436	39	1	0	8	46	33193	33231	5.42e-11	67.6
ERR6913108.102530.1	NC_048658.1	100.000	152	0	0	1	152	26686	26535	1.02e-74	281
ERR6913108.102530.1	NC_021773.2	100.000	152	0	0	1	152	40901	40750	1.02e-74	281
ERR6913108.102530.1	NC_009763.3	99.342	152	1	0	1	152	29616	29465	4.74e-73	276
ERR6913108.102530.1	NC_009761.3	99.342	152	1	0	1	152	30340	30189	4.74e-73	276
ERR6913108.102530.1	NC_048644.1	99.342	152	1	0	1	152	13362	13513	4.74e-73	276
ERR6913108.102530.1	NC_008689.1	99.342	152	1	0	1	152	30796	30645	4.74e-73	276
ERR6913108.102530.1	NC_012784.1	99.342	152	1	0	1	152	32112	31961	4.74e-73	276
ERR6913108.102530.1	NC_002321.1	99.342	152	1	0	1	152	12505	12354	4.74e-73	276
ERR6913108.102530.1	NC_004617.1	99.342	152	1	0	1	152	29533	29382	4.74e-73	276
ERR6913108.102530.1	NC_002486.1	98.026	152	3	0	1	152	31187	31036	1.03e-69	265
ERR6913108.103289.1	NC_075038.1	90.000	60	2	3	68	125	125571	125628	2.47e-12	75.0
ERR6913108.104489.1	NC_049430.1	95.652	46	2	0	71	116	16813	16768	1.34e-12	75.0
ERR6913108.107156.1	NC_009763.3	100.000	126	0	0	1	126	18385	18260	2.30e-60	233
ERR6913108.107156.1	NC_009761.3	100.000	126	0	0	1	126	19110	18985	2.30e-60	233
ERR6913108.107156.1	NC_048644.1	100.000	126	0	0	1	126	24593	24718	2.30e-60	233
ERR6913108.107156.1	NC_002486.1	100.000	126	0	0	1	126	18034	17909	2.30e-60	233
ERR6913108.107156.1	NC_048658.1	100.000	126	0	0	1	126	15458	15333	2.30e-60	233
ERR6913108.107156.1	NC_021773.2	100.000	126	0	0	1	126	29673	29548	2.30e-60	233
ERR6913108.107156.1	NC_008689.1	100.000	126	0	0	1	126	19564	19439	2.30e-60	233
ERR6913108.107156.1	NC_012784.1	100.000	126	0	0	1	126	20881	20756	2.30e-60	233
ERR6913108.107156.1	NC_048711.1	100.000	126	0	0	1	126	19382	19257	2.30e-60	233
ERR6913108.107156.1	NC_002321.1	100.000	126	0	0	1	126	1285	1160	2.30e-60	233
ERR6913108.107156.1	NC_004617.1	100.000	126	0	0	1	126	18302	18177	2.30e-60	233
ERR6913108.111193.1	NC_048842.1	92.135	89	5	2	1	87	2746	2834	1.51e-27	124
ERR6913108.111193.1	NC_048833.1	92.135	89	5	2	1	87	2746	2834	1.51e-27	124
ERR6913108.112214.1	NC_048832.1	91.071	56	5	0	13	68	10685	10630	1.76e-13	76.8
