ERR6913102.558.1	NC_019527.1	95.541	157	7	0	9	165	4187	4031	8.81e-66	252
ERR6913102.615.1	NC_019722.1	100.000	142	0	0	1	142	859	1000	3.40e-69	263
ERR6913102.615.1	NC_004456.1	100.000	142	0	0	1	142	16377	16518	3.40e-69	263
ERR6913102.615.1	NC_027981.1	97.183	142	4	0	1	142	859	1000	1.59e-62	241
ERR6913102.923.1	NC_027981.1	100.000	115	0	0	1	115	4405	4291	2.69e-54	213
ERR6913102.923.1	NC_019722.1	98.261	115	2	0	1	115	4405	4291	5.83e-51	202
ERR6913102.923.1	NC_004456.1	97.391	115	3	0	1	115	19917	19803	2.71e-49	196
ERR6913102.3592.1	NC_019722.1	100.000	274	0	0	1	274	29981	30254	3.03e-142	507
ERR6913102.3592.1	NC_027981.1	100.000	274	0	0	1	274	31264	31537	3.03e-142	507
ERR6913102.3592.1	NC_004456.1	100.000	274	0	0	1	274	3737	4010	3.03e-142	507
ERR6913102.3677.1	NC_048837.1	92.222	90	7	0	134	223	3175	3264	2.21e-28	128
ERR6913102.3677.1	NC_048831.1	92.222	90	7	0	134	223	5168	5257	2.21e-28	128
ERR6913102.3677.1	NC_048844.1	92.222	90	7	0	134	223	3605	3694	2.21e-28	128
ERR6913102.3678.1	NC_048837.1	92.222	90	7	0	134	223	3175	3264	2.21e-28	128
ERR6913102.3678.1	NC_048831.1	92.222	90	7	0	134	223	5168	5257	2.21e-28	128
ERR6913102.3678.1	NC_048844.1	92.222	90	7	0	134	223	3605	3694	2.21e-28	128
ERR6913102.3759.1	NC_027981.1	100.000	210	0	0	1	210	4175	4384	8.52e-107	388
ERR6913102.3759.1	NC_019722.1	99.048	210	2	0	1	210	4175	4384	1.84e-103	377
ERR6913102.3759.1	NC_004456.1	98.095	210	4	0	1	210	19687	19896	3.99e-100	366
ERR6913102.5750.1	NC_031912.1	100.000	101	0	0	1	101	9881	9781	1.38e-46	187
ERR6913102.5750.1	NC_031931.1	100.000	101	0	0	1	101	9966	9866	1.38e-46	187
ERR6913102.5750.1	NC_041872.1	100.000	101	0	0	1	101	9016	8916	1.38e-46	187
ERR6913102.5750.1	NC_031904.1	100.000	101	0	0	1	101	9075	8975	1.38e-46	187
ERR6913102.5750.1	NC_031914.1	100.000	101	0	0	1	101	9991	9891	1.38e-46	187
ERR6913102.6299.1	NC_004629.1	91.463	82	7	0	23	104	272869	272950	3.09e-24	113
ERR6913102.6299.1	NC_042060.1	91.463	82	7	0	23	104	36116	36035	3.09e-24	113
ERR6913102.6513.1	NC_048047.1	91.304	69	3	3	123	189	82978	82911	3.19e-17	91.6
ERR6913102.6513.1	NC_030936.1	92.727	55	4	0	135	189	6872	6818	6.90e-14	80.5
ERR6913102.6513.1	NC_030696.1	92.727	55	4	0	135	189	6364	6310	6.90e-14	80.5
ERR6913102.6513.1	NC_030901.1	92.727	55	4	0	135	189	6373	6319	6.90e-14	80.5
ERR6913102.6513.1	NC_031029.1	92.727	55	4	0	135	189	6373	6319	6.90e-14	80.5
ERR6913102.6513.1	NC_051624.1	92.000	50	4	0	141	190	1048	999	4.15e-11	71.3
ERR6913102.6513.1	NC_051617.1	92.000	50	4	0	141	190	1001	952	4.15e-11	71.3
ERR6913102.6618.1	NC_074583.1	90.323	93	9	0	34	126	107	199	5.19e-27	122
ERR6913102.7243.1	NC_048838.1	94.828	58	3	0	1	58	3721	3778	1.20e-17	91.6
ERR6913102.8255.1	NC_027981.1	99.206	126	1	0	1	126	16355	16480	1.07e-58	228
ERR6913102.8255.1	NC_019722.1	97.619	126	3	0	1	126	15462	15587	2.31e-55	217
ERR6913102.8255.1	NC_004456.1	97.619	126	3	0	1	126	31849	31974	2.31e-55	217
ERR6913102.9300.1	NC_048836.1	96.774	93	3	0	1	93	3129	3037	3.94e-37	156
ERR6913102.9300.1	NC_048840.1	96.774	93	3	0	1	93	3130	3038	3.94e-37	156
ERR6913102.9300.1	NC_048835.1	96.774	93	3	0	1	93	3129	3037	3.94e-37	156
ERR6913102.9300.1	NC_048839.1	96.774	93	3	0	1	93	2740	2648	3.94e-37	156
ERR6913102.9300.1	NC_048838.1	93.182	88	5	1	6	93	2782	2696	8.58e-29	128
ERR6913102.9300.1	NC_048837.1	93.182	88	5	1	6	93	2392	2306	8.58e-29	128
ERR6913102.9300.1	NC_048831.1	93.182	88	5	1	6	93	2804	2718	8.58e-29	128
ERR6913102.9300.1	NC_048841.1	93.182	88	5	1	6	93	4075	3989	8.58e-29	128
ERR6913102.9300.1	NC_048832.1	93.182	88	5	1	6	93	3906	3820	8.58e-29	128
ERR6913102.11103.1	NC_047838.1	93.750	48	3	0	1	48	143415	143368	1.01e-11	73.1
ERR6913102.11416.1	NC_027981.1	100.000	92	0	0	1	92	8564	8473	1.22e-41	171
ERR6913102.11416.1	NC_004456.1	100.000	92	0	0	1	92	24047	23956	1.22e-41	171
ERR6913102.11416.1	NC_019722.1	98.913	92	1	0	1	92	8564	8473	5.69e-40	165
ERR6913102.13371.1	NC_027981.1	98.305	59	1	0	1	59	14563	14621	6.57e-22	104
ERR6913102.13371.1	NC_004456.1	98.305	59	1	0	1	59	30057	30115	6.57e-22	104
ERR6913102.13834.1	NC_031912.1	99.225	129	1	0	1	129	82368	82240	2.36e-60	233
ERR6913102.13834.1	NC_031931.1	99.225	129	1	0	1	129	82188	82060	2.36e-60	233
ERR6913102.13834.1	NC_031914.1	99.225	129	1	0	1	129	82213	82085	2.36e-60	233
ERR6913102.13834.1	NC_041872.1	98.450	129	2	0	1	129	78580	78452	1.10e-58	228
ERR6913102.13834.1	NC_031904.1	98.450	129	2	0	1	129	78639	78511	1.10e-58	228
ERR6913102.14087.1	NC_027981.1	99.412	170	1	0	1	170	13746	13577	5.34e-83	309
ERR6913102.14571.1	NC_004456.1	99.065	107	1	0	1	107	16884	16990	3.20e-48	193
ERR6913102.14571.1	NC_019722.1	98.131	107	2	0	1	107	1366	1472	1.49e-46	187
ERR6913102.14571.1	NC_027981.1	98.131	107	2	0	1	107	1366	1472	1.49e-46	187
ERR6913102.14955.1	NC_048770.1	96.815	157	5	0	1	157	58695	58539	3.84e-69	263
ERR6913102.14955.1	NC_048772.1	96.815	157	5	0	1	157	59834	59678	3.84e-69	263
ERR6913102.14955.1	NC_048769.1	96.815	157	5	0	1	157	62748	62592	3.84e-69	263
ERR6913102.14955.1	NC_048771.1	96.815	157	5	0	1	157	72888	72732	3.84e-69	263
ERR6913102.15190.1	NC_027981.1	99.057	106	1	0	1	106	13905	13800	1.14e-47	191
ERR6913102.15190.1	NC_004456.1	96.296	108	2	2	1	106	29410	29303	3.18e-43	176
ERR6913102.16602.1	NC_074405.1	96.386	83	3	0	4	86	83	1	1.35e-31	137
ERR6913102.16596.1	NC_074405.1	96.386	83	3	0	4	86	83	1	1.35e-31	137
ERR6913102.19193.1	NC_048837.1	97.849	93	2	0	1	93	3193	3285	7.47e-39	161
ERR6913102.19193.1	NC_048831.1	97.849	93	2	0	1	93	5186	5278	7.47e-39	161
ERR6913102.19193.1	NC_048844.1	97.849	93	2	0	1	93	3623	3715	7.47e-39	161
ERR6913102.27847.1	NC_027981.1	100.000	87	0	0	1	87	5830	5916	6.81e-39	161
ERR6913102.27847.1	NC_019722.1	100.000	84	0	0	1	84	5830	5913	3.17e-37	156
ERR6913102.27847.1	NC_004456.1	95.506	89	0	4	1	87	21348	21434	3.19e-32	139
ERR6913102.29166.1	NC_019722.1	98.039	102	2	0	1	102	28198	28097	8.40e-44	178
ERR6913102.29166.1	NC_027981.1	98.039	102	2	0	1	102	29490	29389	8.40e-44	178
ERR6913102.29166.1	NC_004456.1	98.039	102	2	0	1	102	1961	1860	8.40e-44	178
ERR6913102.29384.1	NC_019722.1	100.000	122	0	0	1	122	24795	24674	3.69e-58	226
ERR6913102.29384.1	NC_027981.1	100.000	122	0	0	1	122	26072	25951	3.69e-58	226
ERR6913102.29384.1	NC_004456.1	100.000	122	0	0	1	122	41770	41649	3.69e-58	226
ERR6913102.29388.1	NC_019722.1	100.000	122	0	0	1	122	24795	24674	3.69e-58	226
ERR6913102.29388.1	NC_027981.1	100.000	122	0	0	1	122	26072	25951	3.69e-58	226
ERR6913102.29388.1	NC_004456.1	100.000	122	0	0	1	122	41770	41649	3.69e-58	226
ERR6913102.30763.1	NC_027981.1	99.099	111	1	0	1	111	25331	25441	2.00e-50	200
ERR6913102.30763.1	NC_004456.1	99.099	111	1	0	1	111	41030	41140	2.00e-50	200
ERR6913102.30763.1	NC_019722.1	96.296	108	4	0	1	108	24054	24161	9.38e-44	178
ERR6913102.31398.1	NC_004333.2	91.954	87	7	0	2	88	5957	5871	8.40e-27	122
ERR6913102.31398.1	NC_005342.2	91.954	87	7	0	2	88	5931	5845	8.40e-27	122
ERR6913102.31512.1	NC_041872.1	98.901	182	1	1	14	195	25379	25199	2.24e-87	324
ERR6913102.31512.1	NC_031904.1	98.901	182	1	1	14	195	25438	25258	2.24e-87	324
ERR6913102.31686.1	NC_027981.1	100.000	115	0	0	1	115	17068	17182	2.69e-54	213
ERR6913102.31686.1	NC_019722.1	96.522	115	4	0	1	115	16171	16285	1.26e-47	191
ERR6913102.31686.1	NC_004456.1	96.522	115	4	0	1	115	32555	32669	1.26e-47	191
ERR6913102.32116.1	NC_027981.1	100.000	70	0	0	1	70	8137	8206	1.39e-29	130
ERR6913102.32116.1	NC_004456.1	100.000	70	0	0	1	70	23620	23689	1.39e-29	130
ERR6913102.32116.1	NC_019722.1	98.571	70	1	0	1	70	8137	8206	6.49e-28	124
ERR6913102.32224.1	NC_031929.1	91.579	95	8	0	1	95	31920	32014	7.41e-30	132
ERR6913102.32224.1	NC_031910.1	91.579	95	8	0	1	95	33568	33662	7.41e-30	132
ERR6913102.32224.1	NC_024370.1	91.579	95	8	0	1	95	31955	32049	7.41e-30	132
ERR6913102.32224.1	NC_024361.1	91.579	95	8	0	1	95	28977	29071	7.41e-30	132
ERR6913102.33901.1	NC_019722.1	99.515	206	1	0	1	206	31085	31290	6.49e-103	375
ERR6913102.33901.1	NC_004456.1	99.515	206	1	0	1	206	4832	5037	6.49e-103	375
ERR6913102.33901.1	NC_027981.1	99.029	206	2	0	1	206	32368	32573	3.02e-101	370
ERR6913102.35406.1	NC_027981.1	100.000	159	0	0	1	159	10324	10166	1.38e-78	294
ERR6913102.35406.1	NC_004456.1	98.101	158	3	0	2	159	25806	25649	5.00e-73	276
ERR6913102.35406.1	NC_019722.1	97.468	158	4	0	2	159	10323	10166	2.33e-71	270
ERR6913102.35408.1	NC_019722.1	100.000	86	0	0	1	86	38477	38562	2.41e-38	159
ERR6913102.35408.1	NC_027981.1	100.000	86	0	0	1	86	39757	39842	2.41e-38	159
ERR6913102.35408.1	NC_004456.1	98.837	86	1	0	1	86	12643	12728	1.12e-36	154
ERR6913102.35411.1	NC_027981.1	100.000	159	0	0	1	159	10324	10166	1.38e-78	294
ERR6913102.35411.1	NC_004456.1	98.101	158	3	0	2	159	25806	25649	5.00e-73	276
ERR6913102.35411.1	NC_019722.1	97.468	158	4	0	2	159	10323	10166	2.33e-71	270
ERR6913102.35412.1	NC_027981.1	100.000	159	0	0	1	159	10324	10166	1.38e-78	294
ERR6913102.35412.1	NC_004456.1	98.101	158	3	0	2	159	25806	25649	5.00e-73	276
ERR6913102.35412.1	NC_019722.1	97.468	158	4	0	2	159	10323	10166	2.33e-71	270
ERR6913102.35847.1	NC_048842.1	95.679	162	6	1	27	187	2828	2667	6.10e-68	259
ERR6913102.35847.1	NC_048833.1	95.679	162	6	1	27	187	2828	2667	6.10e-68	259
ERR6913102.36204.1	NC_019722.1	100.000	138	0	0	1	138	37120	36983	5.49e-67	255
ERR6913102.36204.1	NC_027981.1	100.000	138	0	0	1	138	38400	38263	5.49e-67	255
ERR6913102.36204.1	NC_004456.1	99.275	138	1	0	1	138	11287	11150	2.55e-65	250
ERR6913102.36396.1	NC_048837.1	92.857	112	8	0	3	114	2543	2432	5.19e-39	163
ERR6913102.36396.1	NC_048831.1	92.857	112	8	0	3	114	4536	4425	5.19e-39	163
ERR6913102.36396.1	NC_048844.1	92.857	112	8	0	3	114	2973	2862	5.19e-39	163
ERR6913102.36544.1	NC_027981.1	100.000	128	0	0	1	128	11439	11312	1.81e-61	237
ERR6913102.36544.1	NC_004456.1	95.312	128	5	1	1	128	26921	26795	6.60e-51	202
ERR6913102.36547.1	NC_013059.1	94.545	55	3	0	137	191	27952	28006	1.13e-15	86.1
ERR6913102.36547.1	NC_020082.1	94.340	53	3	0	139	191	40666	40614	1.46e-14	82.4
ERR6913102.36547.1	NC_021342.2	92.727	55	4	0	137	191	41078	41024	5.25e-14	80.5
ERR6913102.36547.1	NC_005841.1	92.593	54	4	0	137	190	9951	10004	1.89e-13	78.7
ERR6913102.36547.1	NC_005841.1	90.741	54	5	0	137	190	9921	9974	8.79e-12	73.1
ERR6913102.36547.1	NC_005841.1	90.741	54	5	0	137	190	10026	10079	8.79e-12	73.1
ERR6913102.36547.1	NC_011976.1	90.566	53	5	0	139	191	30040	30092	3.16e-11	71.3
ERR6913102.38999.1	NC_031912.1	98.000	150	3	0	1	150	62632	62781	1.31e-68	261
ERR6913102.38999.1	NC_031931.1	98.000	150	3	0	1	150	62453	62602	1.31e-68	261
ERR6913102.38999.1	NC_041872.1	98.000	150	3	0	1	150	61648	61797	1.31e-68	261
ERR6913102.38999.1	NC_031904.1	98.000	150	3	0	1	150	61707	61856	1.31e-68	261
ERR6913102.38999.1	NC_031914.1	98.000	150	3	0	1	150	62478	62627	1.31e-68	261
ERR6913102.39550.1	NC_071003.1	99.270	137	1	0	1	137	36756	36892	9.10e-65	248
ERR6913102.41253.1	NC_019722.1	99.408	169	1	0	1	169	39928	40096	1.91e-82	307
ERR6913102.41253.1	NC_027981.1	99.408	169	1	0	1	169	41191	41359	1.91e-82	307
ERR6913102.41253.1	NC_004456.1	98.817	169	2	0	1	169	14094	14262	8.87e-81	302
ERR6913102.41333.1	NC_070768.1	98.824	85	0	1	28	112	39784	39701	2.24e-35	150
ERR6913102.41588.1	NC_074405.1	94.505	91	5	0	8	98	91	1	2.10e-32	141
ERR6913102.41960.1	NC_074583.1	98.276	58	1	0	6	63	164	107	6.08e-21	102
ERR6913102.43418.1	NC_027981.1	99.099	111	1	0	1	111	13666	13556	2.00e-50	200
ERR6913102.44039.1	NC_048831.1	93.750	112	7	0	40	151	4192	4303	8.21e-41	169
ERR6913102.44041.1	NC_048831.1	93.750	112	7	0	40	151	4192	4303	8.21e-41	169
ERR6913102.45942.1	NC_048842.1	97.938	97	2	0	1	97	2100	2196	4.73e-41	169
ERR6913102.45942.1	NC_048833.1	97.938	97	2	0	1	97	2100	2196	4.73e-41	169
ERR6913102.45942.1	NC_048831.1	96.907	97	3	0	1	97	3685	3781	2.20e-39	163
ERR6913102.46617.1	NC_019722.1	100.000	125	0	0	1	125	40794	40670	8.17e-60	231
ERR6913102.46617.1	NC_027981.1	100.000	125	0	0	1	125	42057	41933	8.17e-60	231
ERR6913102.46617.1	NC_004456.1	100.000	125	0	0	1	125	14960	14836	8.17e-60	231
ERR6913102.48667.1	NC_019722.1	98.667	150	2	0	1	150	40864	41013	2.81e-70	267
ERR6913102.48667.1	NC_004456.1	97.368	152	2	2	1	150	15031	15182	1.69e-67	257
ERR6913102.48667.1	NC_027981.1	97.333	150	4	0	1	150	42127	42276	6.08e-67	255
ERR6913102.50509.1	NC_042013.1	90.141	71	7	0	3	73	334330	334400	6.34e-18	93.5
ERR6913102.50573.1	NC_048842.1	98.148	162	3	0	6	167	2055	2216	3.28e-75	283
ERR6913102.50573.1	NC_048833.1	98.148	162	3	0	6	167	2055	2216	3.28e-75	283
ERR6913102.50573.1	NC_048831.1	96.933	163	5	0	5	167	3639	3801	1.97e-72	274
