[2024-05-13 14:41:13,086] multiqc                                            [DEBUG  ]  This is MultiQC v1.21
[2024-05-13 14:41:13,087] multiqc                                            [DEBUG  ]  Command used: /usr/local/bin/multiqc --force --title x_erhar sample sub-set ./data/merged_pairs/ ./analyses/fastqc/ ./analyses/x_erhar_flash2.log ./analyses/bowtie/
[2024-05-13 14:41:13,302] multiqc                                            [DEBUG  ]  Latest MultiQC version is v1.21, released 2024-02-28
[2024-05-13 14:41:13,302] multiqc                                            [DEBUG  ]  Working dir : /proj/applied_bioinformatics/users/x_erhar/MedBioinfo
[2024-05-13 14:41:13,302] multiqc                                            [DEBUG  ]  Template    : default
[2024-05-13 14:41:13,302] multiqc                                            [DEBUG  ]  Running Python 3.10.12 (main, Nov 20 2023, 15:14:05) [GCC 11.4.0]
[2024-05-13 14:41:13,303] multiqc                                            [INFO   ]  Report title: x_erhar sample sub-set
[2024-05-13 14:41:13,303] multiqc                                            [DEBUG  ]  Analysing modules: custom_content, ccs, ngsderive, purple, conpair, isoseq, lima, peddy, somalier, methylqa, mosdepth, phantompeakqualtools, qualimap, bamdst, preseq, hifiasm, quast, qorts, rna_seqc, rockhopper, rsem, rseqc, busco, bustools, goleft_indexcov, gffcompare, disambiguate, supernova, deeptools, sargasso, verifybamid, mirtrace, happy, mirtop, sambamba, gopeaks, homer, hops, macs2, theta2, snpeff, gatk, htseq, bcftools, featureCounts, fgbio, dragen, dragen_fastqc, dedup, pbmarkdup, damageprofiler, mapdamage, biobambam2, jcvi, mtnucratio, picard, vep, bakta, prokka, qc3C, nanostat, samblaster, samtools, sexdeterrmine, seqera_cli, eigenstratdatabasetools, bamtools, jellyfish, vcftools, longranger, stacks, varscan2, snippy, umitools, truvari, megahit, bbmap, bismark, biscuit, diamond, hicexplorer, hicup, hicpro, salmon, kallisto, slamdunk, star, hisat2, tophat, bowtie2, bowtie1, cellranger, snpsplit, odgi, pangolin, nextclade, freyja, humid, kat, leehom, librarian, nonpareil, adapterRemoval, bbduk, clipandmerge, cutadapt, flexbar, sourmash, kaiju, bracken, kraken, malt, motus, trimmomatic, sickle, skewer, sortmerna, biobloomtools, fastq_screen, afterqc, fastp, fastqc, filtlong, prinseqplusplus, pychopper, porechop, pycoqc, minionqc, anglerfish, multivcfanalyzer, clusterflow, checkqc, bcl2fastq, bclconvert, interop, ivar, flash, seqyclean, optitype, whatshap, spaceranger, xenome, xengsort, metaphlan, seqwho
[2024-05-13 14:41:13,303] multiqc                                            [DEBUG  ]  Using temporary directory for creating report: /tmp/tmp67sn98j9
[2024-05-13 14:41:13,305] multiqc                                            [INFO   ]  Search path : /proj/applied_bioinformatics/users/x_erhar/MedBioinfo/data/merged_pairs
[2024-05-13 14:41:13,305] multiqc                                            [INFO   ]  Search path : /proj/applied_bioinformatics/users/x_erhar/MedBioinfo/analyses/fastqc
[2024-05-13 14:41:13,305] multiqc                                            [INFO   ]  Search path : /proj/applied_bioinformatics/users/x_erhar/MedBioinfo/analyses/x_erhar_flash2.log
[2024-05-13 14:41:13,305] multiqc                                            [INFO   ]  Search path : /proj/applied_bioinformatics/users/x_erhar/MedBioinfo/analyses/bowtie
[2024-05-13 14:41:15,001] multiqc                                            [DEBUG  ]  Summary of files that were skipped by the search: [skipped_module_specific_max_filesize: 450] // [skipped_no_match: 86] // [skipped_ignore_pattern: 44]
[2024-05-13 14:41:15,035] multiqc                                            [DEBUG  ]  No samples found: custom_content
[2024-05-13 14:41:15,037] multiqc.modules.bowtie2.bowtie2                    [INFO   ]  Found 2 reports
[2024-05-13 14:41:15,038] multiqc.utils.util_functions                       [DEBUG  ]  Wrote data file multiqc_bowtie2.txt
[2024-05-13 14:41:16,016] multiqc.modules.fastqc.fastqc                      [INFO   ]  Found 28 reports
[2024-05-13 14:41:16,017] multiqc.utils.util_functions                       [DEBUG  ]  Wrote data file multiqc_fastqc.txt
[2024-05-13 14:41:16,123] multiqc.plots.plotly.heatmap                       [DEBUG  ]  Resizing from 450x728 to fit the maximum size 900x500
[2024-05-13 14:41:16,123] multiqc.plots.plotly.heatmap                       [DEBUG  ]  Heatmap size: 900x500, px per element: 90.00x17.86
[2024-05-13 14:41:16,136] multiqc.modules.flash.flash                        [INFO   ]  Found 14 log reports
[2024-05-13 14:41:16,142] multiqc.utils.util_functions                       [DEBUG  ]  Wrote data file multiqc_flash_combo_stats.txt
[2024-05-13 14:41:16,148] multiqc.modules.flash.flash                        [INFO   ]  Found 14 histogram reports
[2024-05-13 14:41:16,187] multiqc.utils.software_versions                    [DEBUG  ]  Reading software versions from config.software_versions
[2024-05-13 14:41:16,188] multiqc.utils.util_functions                       [DEBUG  ]  Wrote data file multiqc_software_versions.txt
[2024-05-13 14:41:16,224] multiqc.utils.util_functions                       [DEBUG  ]  Wrote data file multiqc_general_stats.txt
[2024-05-13 14:41:16,224] multiqc                                            [DEBUG  ]  Compressing plot data
[2024-05-13 14:41:16,779] multiqc.utils.util_functions                       [DEBUG  ]  Wrote data file multiqc_data.json
[2024-05-13 14:41:16,779] multiqc                                            [INFO   ]  Report      : x_erhar-sample-sub-set_multiqc_report.html
[2024-05-13 14:41:16,779] multiqc                                            [INFO   ]  Data        : x_erhar-sample-sub-set_multiqc_report_data
[2024-05-13 14:41:16,779] multiqc                                            [DEBUG  ]  Moving data file from '/tmp/tmp67sn98j9/multiqc_data' to '/proj/applied_bioinformatics/users/x_erhar/MedBioinfo/x_erhar-sample-sub-set_multiqc_report_data'
[2024-05-13 14:41:16,812] multiqc                                            [DEBUG  ]  Full report path: /proj/applied_bioinformatics/users/x_erhar/MedBioinfo/x_erhar-sample-sub-set_multiqc_report.html
[2024-05-13 14:41:16,977] multiqc                                            [INFO   ]  MultiQC complete
